2023-03-07 20:44:03,792 : Clock rate: 3
2023-03-07 20:44:03,817 : (Logical Clock Time 1) Internal event occurred.
2023-03-07 20:44:04,154 : (Logical Clock Time 2) Received a message with logical time 1. Current queue length is 1.
2023-03-07 20:44:04,492 : (Logical Clock Time 3) Received a message with logical time 1. Current queue length is 0.
2023-03-07 20:44:04,828 : (Logical Clock Time 4) Sent a message to machine 0.
2023-03-07 20:44:05,165 : (Logical Clock Time 5) Internal event occurred.
2023-03-07 20:44:05,503 : (Logical Clock Time 6) Received a message with logical time 6. Current queue length is 0.
2023-03-07 20:44:05,840 : (Logical Clock Time 7) Received a message with logical time 7. Current queue length is 0.
2023-03-07 20:44:06,179 : (Logical Clock Time 8) Sent a message to machine 0.
2023-03-07 20:44:06,515 : (Logical Clock Time 9) Received a message with logical time 9. Current queue length is 0.
2023-03-07 20:44:06,854 : (Logical Clock Time 10) Internal event occurred.
2023-03-07 20:44:07,195 : (Logical Clock Time 11) Internal event occurred.
2023-03-07 20:44:07,533 : (Logical Clock Time 12) Received a message with logical time 12. Current queue length is 0.
2023-03-07 20:44:07,871 : (Logical Clock Time 13) Internal event occurred.
2023-03-07 20:44:08,210 : (Logical Clock Time 14) Sent a message to machine 0.
2023-03-07 20:44:08,546 : (Logical Clock Time 15) Sent a message to both other machines.
2023-03-07 20:44:08,884 : (Logical Clock Time 16) Internal event occurred.
2023-03-07 20:44:09,220 : (Logical Clock Time 17) Internal event occurred.
2023-03-07 20:44:09,558 : (Logical Clock Time 18) Received a message with logical time 18. Current queue length is 0.
2023-03-07 20:44:09,895 : (Logical Clock Time 19) Sent a message to both other machines.
2023-03-07 20:44:10,233 : (Logical Clock Time 20) Internal event occurred.
2023-03-07 20:44:10,570 : (Logical Clock Time 21) Sent a message to machine 1.
2023-03-07 20:44:10,908 : (Logical Clock Time 22) Internal event occurred.
2023-03-07 20:44:11,244 : (Logical Clock Time 23) Sent a message to machine 1.
2023-03-07 20:44:11,578 : (Logical Clock Time 24) Sent a message to both other machines.
2023-03-07 20:44:11,916 : (Logical Clock Time 25) Sent a message to both other machines.
2023-03-07 20:44:12,253 : (Logical Clock Time 26) Internal event occurred.
2023-03-07 20:44:12,591 : (Logical Clock Time 27) Received a message with logical time 27. Current queue length is 0.
2023-03-07 20:44:12,930 : (Logical Clock Time 28) Received a message with logical time 28. Current queue length is 0.
2023-03-07 20:44:13,268 : (Logical Clock Time 29) Received a message with logical time 29. Current queue length is 0.
2023-03-07 20:44:13,606 : (Logical Clock Time 30) Internal event occurred.
2023-03-07 20:44:13,945 : (Logical Clock Time 31) Internal event occurred.
2023-03-07 20:44:14,279 : (Logical Clock Time 32) Received a message with logical time 32. Current queue length is 0.
2023-03-07 20:44:14,618 : (Logical Clock Time 33) Internal event occurred.
2023-03-07 20:44:14,953 : (Logical Clock Time 34) Received a message with logical time 34. Current queue length is 0.
2023-03-07 20:44:15,292 : (Logical Clock Time 35) Sent a message to machine 1.
2023-03-07 20:44:15,629 : (Logical Clock Time 36) Received a message with logical time 36. Current queue length is 0.
2023-03-07 20:44:15,967 : (Logical Clock Time 37) Internal event occurred.
2023-03-07 20:44:16,305 : (Logical Clock Time 38) Internal event occurred.
2023-03-07 20:44:16,644 : (Logical Clock Time 39) Sent a message to both other machines.
2023-03-07 20:44:16,980 : (Logical Clock Time 40) Internal event occurred.
2023-03-07 20:44:17,317 : (Logical Clock Time 41) Received a message with logical time 41. Current queue length is 0.
2023-03-07 20:44:17,653 : (Logical Clock Time 42) Sent a message to machine 0.
2023-03-07 20:44:17,990 : (Logical Clock Time 43) Received a message with logical time 43. Current queue length is 0.
2023-03-07 20:44:18,325 : (Logical Clock Time 44) Internal event occurred.
2023-03-07 20:44:18,661 : (Logical Clock Time 45) Sent a message to both other machines.
2023-03-07 20:44:18,998 : (Logical Clock Time 46) Internal event occurred.
2023-03-07 20:44:19,336 : (Logical Clock Time 47) Received a message with logical time 47. Current queue length is 0.
2023-03-07 20:44:19,675 : (Logical Clock Time 48) Internal event occurred.
2023-03-07 20:44:20,011 : (Logical Clock Time 49) Internal event occurred.
2023-03-07 20:44:20,350 : (Logical Clock Time 50) Received a message with logical time 50. Current queue length is 0.
2023-03-07 20:44:20,688 : (Logical Clock Time 51) Sent a message to both other machines.
2023-03-07 20:44:21,026 : (Logical Clock Time 52) Internal event occurred.
2023-03-07 20:44:21,364 : (Logical Clock Time 53) Received a message with logical time 53. Current queue length is 0.
2023-03-07 20:44:21,702 : (Logical Clock Time 54) Sent a message to both other machines.
2023-03-07 20:44:22,037 : (Logical Clock Time 55) Internal event occurred.
2023-03-07 20:44:22,376 : (Logical Clock Time 56) Sent a message to machine 0.
2023-03-07 20:44:22,714 : (Logical Clock Time 57) Received a message with logical time 57. Current queue length is 0.
2023-03-07 20:44:23,049 : (Logical Clock Time 58) Received a message with logical time 58. Current queue length is 0.
2023-03-07 20:44:23,387 : (Logical Clock Time 59) Received a message with logical time 59. Current queue length is 0.
2023-03-07 20:44:23,725 : (Logical Clock Time 60) Internal event occurred.
2023-03-07 20:44:24,063 : (Logical Clock Time 61) Received a message with logical time 61. Current queue length is 0.
2023-03-07 20:44:24,402 : (Logical Clock Time 62) Received a message with logical time 62. Current queue length is 0.
2023-03-07 20:44:24,740 : (Logical Clock Time 63) Received a message with logical time 63. Current queue length is 0.
2023-03-07 20:44:25,078 : (Logical Clock Time 64) Sent a message to machine 0.
2023-03-07 20:44:25,417 : (Logical Clock Time 65) Internal event occurred.
2023-03-07 20:44:25,752 : (Logical Clock Time 66) Internal event occurred.
2023-03-07 20:44:26,087 : (Logical Clock Time 67) Received a message with logical time 67. Current queue length is 0.
2023-03-07 20:44:26,426 : (Logical Clock Time 68) Received a message with logical time 68. Current queue length is 0.
2023-03-07 20:44:26,761 : (Logical Clock Time 69) Received a message with logical time 69. Current queue length is 0.
2023-03-07 20:44:27,100 : (Logical Clock Time 70) Sent a message to both other machines.
2023-03-07 20:44:27,438 : (Logical Clock Time 71) Sent a message to both other machines.
2023-03-07 20:44:27,774 : (Logical Clock Time 72) Internal event occurred.
2023-03-07 20:44:28,111 : (Logical Clock Time 73) Internal event occurred.
2023-03-07 20:44:28,445 : (Logical Clock Time 74) Internal event occurred.
2023-03-07 20:44:28,783 : (Logical Clock Time 75) Internal event occurred.
2023-03-07 20:44:29,122 : (Logical Clock Time 76) Internal event occurred.
2023-03-07 20:44:29,460 : (Logical Clock Time 77) Received a message with logical time 77. Current queue length is 0.
2023-03-07 20:44:29,799 : (Logical Clock Time 78) Sent a message to both other machines.
2023-03-07 20:44:30,137 : (Logical Clock Time 79) Sent a message to both other machines.
2023-03-07 20:44:30,474 : (Logical Clock Time 80) Internal event occurred.
2023-03-07 20:44:30,812 : (Logical Clock Time 81) Internal event occurred.
2023-03-07 20:44:31,151 : (Logical Clock Time 82) Received a message with logical time 82. Current queue length is 0.
2023-03-07 20:44:31,486 : (Logical Clock Time 83) Sent a message to machine 1.
2023-03-07 20:44:31,821 : (Logical Clock Time 84) Received a message with logical time 84. Current queue length is 0.
2023-03-07 20:44:32,159 : (Logical Clock Time 85) Internal event occurred.
2023-03-07 20:44:32,497 : (Logical Clock Time 86) Internal event occurred.
2023-03-07 20:44:32,836 : (Logical Clock Time 87) Internal event occurred.
2023-03-07 20:44:33,170 : (Logical Clock Time 88) Received a message with logical time 88. Current queue length is 0.
2023-03-07 20:44:33,508 : (Logical Clock Time 89) Sent a message to both other machines.
2023-03-07 20:44:33,844 : (Logical Clock Time 90) Sent a message to both other machines.
2023-03-07 20:44:34,182 : (Logical Clock Time 91) Sent a message to machine 1.
2023-03-07 20:44:34,520 : (Logical Clock Time 92) Sent a message to machine 1.
2023-03-07 20:44:34,859 : (Logical Clock Time 93) Received a message with logical time 93. Current queue length is 0.
2023-03-07 20:44:35,194 : (Logical Clock Time 94) Sent a message to machine 1.
2023-03-07 20:44:35,533 : (Logical Clock Time 95) Received a message with logical time 95. Current queue length is 0.
2023-03-07 20:44:35,870 : (Logical Clock Time 96) Received a message with logical time 96. Current queue length is 0.
2023-03-07 20:44:36,209 : (Logical Clock Time 97) Internal event occurred.
2023-03-07 20:44:36,547 : (Logical Clock Time 98) Internal event occurred.
2023-03-07 20:44:36,886 : (Logical Clock Time 99) Internal event occurred.
2023-03-07 20:44:37,224 : (Logical Clock Time 100) Internal event occurred.
2023-03-07 20:44:37,558 : (Logical Clock Time 101) Received a message with logical time 101. Current queue length is 0.
2023-03-07 20:44:37,895 : (Logical Clock Time 102) Sent a message to machine 1.
2023-03-07 20:44:38,234 : (Logical Clock Time 103) Internal event occurred.
2023-03-07 20:44:38,569 : (Logical Clock Time 104) Internal event occurred.
2023-03-07 20:44:38,904 : (Logical Clock Time 105) Sent a message to machine 0.
2023-03-07 20:44:39,240 : (Logical Clock Time 106) Received a message with logical time 106. Current queue length is 0.
2023-03-07 20:44:39,577 : (Logical Clock Time 107) Internal event occurred.
2023-03-07 20:44:39,911 : (Logical Clock Time 108) Received a message with logical time 108. Current queue length is 0.
2023-03-07 20:44:40,250 : (Logical Clock Time 109) Internal event occurred.
2023-03-07 20:44:40,585 : (Logical Clock Time 110) Received a message with logical time 110. Current queue length is 0.
2023-03-07 20:44:40,924 : (Logical Clock Time 111) Internal event occurred.
2023-03-07 20:44:41,261 : (Logical Clock Time 112) Received a message with logical time 112. Current queue length is 0.
2023-03-07 20:44:41,599 : (Logical Clock Time 113) Received a message with logical time 113. Current queue length is 0.
2023-03-07 20:44:41,936 : (Logical Clock Time 114) Internal event occurred.
2023-03-07 20:44:42,274 : (Logical Clock Time 115) Sent a message to machine 0.
2023-03-07 20:44:42,613 : (Logical Clock Time 116) Internal event occurred.
2023-03-07 20:44:42,951 : (Logical Clock Time 117) Internal event occurred.
2023-03-07 20:44:43,286 : (Logical Clock Time 118) Sent a message to machine 0.
2023-03-07 20:44:43,624 : (Logical Clock Time 119) Sent a message to machine 1.
2023-03-07 20:44:43,962 : (Logical Clock Time 120) Received a message with logical time 120. Current queue length is 0.
2023-03-07 20:44:44,301 : (Logical Clock Time 121) Sent a message to both other machines.
2023-03-07 20:44:44,636 : (Logical Clock Time 122) Internal event occurred.
2023-03-07 20:44:44,973 : (Logical Clock Time 123) Internal event occurred.
2023-03-07 20:44:45,312 : (Logical Clock Time 124) Received a message with logical time 124. Current queue length is 0.
2023-03-07 20:44:45,650 : (Logical Clock Time 125) Sent a message to machine 1.
2023-03-07 20:44:45,987 : (Logical Clock Time 126) Internal event occurred.
2023-03-07 20:44:46,325 : (Logical Clock Time 127) Sent a message to machine 1.
2023-03-07 20:44:46,661 : (Logical Clock Time 128) Internal event occurred.
2023-03-07 20:44:46,998 : (Logical Clock Time 129) Internal event occurred.
2023-03-07 20:44:47,337 : (Logical Clock Time 130) Received a message with logical time 130. Current queue length is 0.
2023-03-07 20:44:47,675 : (Logical Clock Time 131) Internal event occurred.
2023-03-07 20:44:48,014 : (Logical Clock Time 132) Internal event occurred.
2023-03-07 20:44:48,348 : (Logical Clock Time 133) Received a message with logical time 133. Current queue length is 0.
2023-03-07 20:44:48,686 : (Logical Clock Time 134) Sent a message to machine 1.
2023-03-07 20:44:49,020 : (Logical Clock Time 135) Received a message with logical time 135. Current queue length is 0.
2023-03-07 20:44:49,359 : (Logical Clock Time 136) Received a message with logical time 136. Current queue length is 0.
2023-03-07 20:44:49,695 : (Logical Clock Time 137) Received a message with logical time 137. Current queue length is 0.
2023-03-07 20:44:50,033 : (Logical Clock Time 138) Sent a message to both other machines.
2023-03-07 20:44:50,370 : (Logical Clock Time 139) Internal event occurred.
2023-03-07 20:44:50,708 : (Logical Clock Time 140) Received a message with logical time 140. Current queue length is 0.
2023-03-07 20:44:51,045 : (Logical Clock Time 141) Internal event occurred.
2023-03-07 20:44:51,382 : (Logical Clock Time 142) Internal event occurred.
2023-03-07 20:44:51,720 : (Logical Clock Time 143) Sent a message to machine 0.
2023-03-07 20:44:52,058 : (Logical Clock Time 144) Received a message with logical time 144. Current queue length is 0.
2023-03-07 20:44:52,397 : (Logical Clock Time 145) Internal event occurred.
2023-03-07 20:44:52,735 : (Logical Clock Time 146) Received a message with logical time 146. Current queue length is 0.
2023-03-07 20:44:53,073 : (Logical Clock Time 147) Received a message with logical time 147. Current queue length is 0.
2023-03-07 20:44:53,411 : (Logical Clock Time 148) Internal event occurred.
2023-03-07 20:44:53,748 : (Logical Clock Time 149) Internal event occurred.
2023-03-07 20:44:54,086 : (Logical Clock Time 150) Received a message with logical time 150. Current queue length is 0.
2023-03-07 20:44:54,424 : (Logical Clock Time 151) Received a message with logical time 151. Current queue length is 0.
2023-03-07 20:44:54,760 : (Logical Clock Time 152) Internal event occurred.
2023-03-07 20:44:55,099 : (Logical Clock Time 153) Received a message with logical time 153. Current queue length is 0.
2023-03-07 20:44:55,436 : (Logical Clock Time 154) Internal event occurred.
2023-03-07 20:44:55,774 : (Logical Clock Time 155) Internal event occurred.
2023-03-07 20:44:56,111 : (Logical Clock Time 156) Sent a message to machine 0.
2023-03-07 20:44:56,449 : (Logical Clock Time 157) Sent a message to both other machines.
2023-03-07 20:44:56,788 : (Logical Clock Time 158) Internal event occurred.
2023-03-07 20:44:57,126 : (Logical Clock Time 159) Internal event occurred.
2023-03-07 20:44:57,461 : (Logical Clock Time 160) Received a message with logical time 160. Current queue length is 0.
2023-03-07 20:44:57,800 : (Logical Clock Time 161) Internal event occurred.
2023-03-07 20:44:58,138 : (Logical Clock Time 162) Received a message with logical time 162. Current queue length is 0.
2023-03-07 20:44:58,476 : (Logical Clock Time 163) Received a message with logical time 163. Current queue length is 0.
2023-03-07 20:44:58,811 : (Logical Clock Time 164) Internal event occurred.
2023-03-07 20:44:59,144 : (Logical Clock Time 165) Sent a message to machine 0.
2023-03-07 20:44:59,478 : (Logical Clock Time 166) Received a message with logical time 166. Current queue length is 0.
2023-03-07 20:44:59,814 : (Logical Clock Time 167) Received a message with logical time 167. Current queue length is 0.
2023-03-07 20:45:00,151 : (Logical Clock Time 168) Internal event occurred.
2023-03-07 20:45:00,489 : (Logical Clock Time 169) Internal event occurred.
2023-03-07 20:45:00,824 : (Logical Clock Time 170) Internal event occurred.
2023-03-07 20:45:01,158 : (Logical Clock Time 171) Internal event occurred.
2023-03-07 20:45:01,496 : (Logical Clock Time 172) Internal event occurred.
2023-03-07 20:45:01,835 : (Logical Clock Time 173) Sent a message to machine 1.
2023-03-07 20:45:02,172 : (Logical Clock Time 174) Internal event occurred.
2023-03-07 20:45:02,510 : (Logical Clock Time 175) Internal event occurred.
2023-03-07 20:45:02,849 : (Logical Clock Time 176) Internal event occurred.
2023-03-07 20:45:03,183 : (Logical Clock Time 177) Received a message with logical time 177. Current queue length is 0.
2023-03-07 20:45:03,520 : (Logical Clock Time 178) Internal event occurred.
2023-03-07 20:45:03,858 : (Logical Clock Time 179) Internal event occurred.
2023-03-07 20:45:04,193 : (Logical Clock Time 180) Received a message with logical time 180. Current queue length is 0.
2023-03-07 20:45:04,542 : (Logical Clock Time 181) Sent a message to both other machines.
2023-03-07 20:45:04,880 : (Logical Clock Time 182) Internal event occurred.
2023-03-07 20:45:05,218 : (Logical Clock Time 183) Sent a message to machine 0.
2023-03-07 20:45:05,557 : (Logical Clock Time 184) Internal event occurred.
2023-03-07 20:45:05,895 : (Logical Clock Time 185) Internal event occurred.
2023-03-07 20:45:06,234 : (Logical Clock Time 186) Sent a message to both other machines.
2023-03-07 20:45:06,569 : (Logical Clock Time 187) Sent a message to both other machines.
2023-03-07 20:45:06,907 : (Logical Clock Time 188) Internal event occurred.
2023-03-07 20:45:07,242 : (Logical Clock Time 189) Internal event occurred.
2023-03-07 20:45:07,580 : (Logical Clock Time 190) Received a message with logical time 190. Current queue length is 0.
2023-03-07 20:45:07,917 : (Logical Clock Time 191) Received a message with logical time 191. Current queue length is 0.
2023-03-07 20:45:08,251 : (Logical Clock Time 192) Internal event occurred.
2023-03-07 20:45:08,607 : (Logical Clock Time 193) Received a message with logical time 193. Current queue length is 0.
2023-03-07 20:45:08,941 : (Logical Clock Time 194) Internal event occurred.
2023-03-07 20:45:09,280 : (Logical Clock Time 195) Received a message with logical time 195. Current queue length is 0.
2023-03-07 20:45:09,619 : (Logical Clock Time 196) Sent a message to machine 1.
2023-03-07 20:45:09,953 : (Logical Clock Time 197) Internal event occurred.
2023-03-07 20:45:10,291 : (Logical Clock Time 198) Received a message with logical time 198. Current queue length is 0.
2023-03-07 20:45:10,628 : (Logical Clock Time 199) Internal event occurred.
2023-03-07 20:45:10,968 : (Logical Clock Time 200) Received a message with logical time 200. Current queue length is 0.
2023-03-07 20:45:11,302 : (Logical Clock Time 201) Internal event occurred.
2023-03-07 20:45:11,636 : (Logical Clock Time 202) Internal event occurred.
2023-03-07 20:45:11,974 : (Logical Clock Time 203) Internal event occurred.
2023-03-07 20:45:12,311 : (Logical Clock Time 204) Sent a message to both other machines.
2023-03-07 20:45:12,645 : (Logical Clock Time 205) Internal event occurred.
2023-03-07 20:45:12,982 : (Logical Clock Time 206) Internal event occurred.
2023-03-07 20:45:13,316 : (Logical Clock Time 207) Received a message with logical time 207. Current queue length is 0.
2023-03-07 20:45:13,654 : (Logical Clock Time 208) Internal event occurred.
2023-03-07 20:45:13,992 : (Logical Clock Time 209) Sent a message to machine 0.
2023-03-07 20:45:14,329 : (Logical Clock Time 210) Received a message with logical time 210. Current queue length is 0.
2023-03-07 20:45:14,666 : (Logical Clock Time 211) Sent a message to both other machines.
2023-03-07 20:45:15,002 : (Logical Clock Time 212) Internal event occurred.
2023-03-07 20:45:15,340 : (Logical Clock Time 213) Internal event occurred.
2023-03-07 20:45:15,679 : (Logical Clock Time 214) Received a message with logical time 214. Current queue length is 0.
2023-03-07 20:45:16,017 : (Logical Clock Time 215) Internal event occurred.
2023-03-07 20:45:16,353 : (Logical Clock Time 216) Internal event occurred.
2023-03-07 20:45:16,687 : (Logical Clock Time 217) Sent a message to both other machines.
2023-03-07 20:45:17,020 : (Logical Clock Time 218) Internal event occurred.
2023-03-07 20:45:17,359 : (Logical Clock Time 219) Internal event occurred.
2023-03-07 20:45:17,697 : (Logical Clock Time 220) Internal event occurred.
2023-03-07 20:45:18,035 : (Logical Clock Time 221) Received a message with logical time 221. Current queue length is 0.
2023-03-07 20:45:18,370 : (Logical Clock Time 222) Internal event occurred.
2023-03-07 20:45:18,708 : (Logical Clock Time 223) Internal event occurred.
2023-03-07 20:45:19,044 : (Logical Clock Time 224) Sent a message to machine 0.
2023-03-07 20:45:19,378 : (Logical Clock Time 225) Received a message with logical time 225. Current queue length is 0.
2023-03-07 20:45:19,716 : (Logical Clock Time 226) Internal event occurred.
2023-03-07 20:45:20,055 : (Logical Clock Time 227) Sent a message to both other machines.
2023-03-07 20:45:20,393 : (Logical Clock Time 228) Internal event occurred.
2023-03-07 20:45:20,728 : (Logical Clock Time 229) Sent a message to machine 1.
2023-03-07 20:45:21,066 : (Logical Clock Time 230) Sent a message to machine 1.
2023-03-07 20:45:21,404 : (Logical Clock Time 231) Internal event occurred.
2023-03-07 20:45:21,739 : (Logical Clock Time 232) Received a message with logical time 232. Current queue length is 1.
2023-03-07 20:45:22,073 : (Logical Clock Time 233) Received a message with logical time 232. Current queue length is 0.
2023-03-07 20:45:22,407 : (Logical Clock Time 234) Internal event occurred.
2023-03-07 20:45:22,750 : (Logical Clock Time 235) Received a message with logical time 235. Current queue length is 0.
2023-03-07 20:45:23,097 : (Logical Clock Time 236) Internal event occurred.
2023-03-07 20:45:23,435 : (Logical Clock Time 237) Internal event occurred.
2023-03-07 20:45:23,774 : (Logical Clock Time 238) Internal event occurred.
2023-03-07 20:45:24,112 : (Logical Clock Time 239) Internal event occurred.
2023-03-07 20:45:24,448 : (Logical Clock Time 240) Sent a message to machine 1.
2023-03-07 20:45:24,783 : (Logical Clock Time 241) Sent a message to both other machines.
2023-03-07 20:45:25,121 : (Logical Clock Time 242) Sent a message to machine 1.
2023-03-07 20:45:25,455 : (Logical Clock Time 243) Received a message with logical time 243. Current queue length is 0.
2023-03-07 20:45:25,789 : (Logical Clock Time 244) Sent a message to machine 1.
2023-03-07 20:45:26,126 : (Logical Clock Time 245) Received a message with logical time 245. Current queue length is 0.
2023-03-07 20:45:26,460 : (Logical Clock Time 246) Sent a message to machine 1.
2023-03-07 20:45:26,794 : (Logical Clock Time 247) Internal event occurred.
2023-03-07 20:45:27,129 : (Logical Clock Time 248) Internal event occurred.
2023-03-07 20:45:27,464 : (Logical Clock Time 249) Internal event occurred.
2023-03-07 20:45:27,802 : (Logical Clock Time 250) Internal event occurred.
2023-03-07 20:45:28,139 : (Logical Clock Time 251) Internal event occurred.
2023-03-07 20:45:28,473 : (Logical Clock Time 252) Received a message with logical time 252. Current queue length is 0.
2023-03-07 20:45:28,811 : (Logical Clock Time 253) Sent a message to both other machines.
2023-03-07 20:45:29,148 : (Logical Clock Time 254) Internal event occurred.
2023-03-07 20:45:29,487 : (Logical Clock Time 255) Sent a message to both other machines.
2023-03-07 20:45:29,819 : (Logical Clock Time 256) Internal event occurred.
2023-03-07 20:45:30,154 : (Logical Clock Time 257) Internal event occurred.
2023-03-07 20:45:30,492 : (Logical Clock Time 258) Sent a message to machine 0.
2023-03-07 20:45:30,829 : (Logical Clock Time 259) Internal event occurred.
2023-03-07 20:45:31,166 : (Logical Clock Time 260) Internal event occurred.
2023-03-07 20:45:31,500 : (Logical Clock Time 261) Internal event occurred.
2023-03-07 20:45:31,839 : (Logical Clock Time 262) Sent a message to machine 1.
2023-03-07 20:45:32,173 : (Logical Clock Time 263) Sent a message to machine 0.
2023-03-07 20:45:32,508 : (Logical Clock Time 264) Internal event occurred.
2023-03-07 20:45:32,842 : (Logical Clock Time 265) Internal event occurred.
2023-03-07 20:45:33,179 : (Logical Clock Time 266) Internal event occurred.
2023-03-07 20:45:33,517 : (Logical Clock Time 267) Sent a message to both other machines.
2023-03-07 20:45:33,853 : (Logical Clock Time 268) Internal event occurred.
2023-03-07 20:45:34,188 : (Logical Clock Time 269) Internal event occurred.
2023-03-07 20:45:34,527 : (Logical Clock Time 270) Sent a message to machine 1.
2023-03-07 20:45:34,861 : (Logical Clock Time 271) Received a message with logical time 271. Current queue length is 0.
2023-03-07 20:45:35,195 : (Logical Clock Time 272) Internal event occurred.
2023-03-07 20:45:35,529 : (Logical Clock Time 273) Received a message with logical time 273. Current queue length is 1.
2023-03-07 20:45:35,865 : (Logical Clock Time 274) Received a message with logical time 273. Current queue length is 0.
2023-03-07 20:45:36,198 : (Logical Clock Time 275) Received a message with logical time 275. Current queue length is 0.
2023-03-07 20:45:36,535 : (Logical Clock Time 276) Received a message with logical time 276. Current queue length is 0.
2023-03-07 20:45:36,870 : (Logical Clock Time 277) Internal event occurred.
2023-03-07 20:45:37,205 : (Logical Clock Time 278) Internal event occurred.
2023-03-07 20:45:37,541 : (Logical Clock Time 279) Internal event occurred.
2023-03-07 20:45:37,875 : (Logical Clock Time 280) Internal event occurred.
2023-03-07 20:45:38,214 : (Logical Clock Time 281) Internal event occurred.
2023-03-07 20:45:38,549 : (Logical Clock Time 282) Sent a message to machine 1.
2023-03-07 20:45:38,886 : (Logical Clock Time 283) Received a message with logical time 283. Current queue length is 0.
2023-03-07 20:45:39,221 : (Logical Clock Time 284) Internal event occurred.
2023-03-07 20:45:39,559 : (Logical Clock Time 285) Sent a message to machine 1.
2023-03-07 20:45:39,897 : (Logical Clock Time 286) Internal event occurred.
2023-03-07 20:45:40,234 : (Logical Clock Time 287) Internal event occurred.
2023-03-07 20:45:40,572 : (Logical Clock Time 288) Internal event occurred.
2023-03-07 20:45:40,911 : (Logical Clock Time 289) Received a message with logical time 289. Current queue length is 0.
2023-03-07 20:45:41,256 : (Logical Clock Time 290) Internal event occurred.
2023-03-07 20:45:41,595 : (Logical Clock Time 291) Internal event occurred.
2023-03-07 20:45:41,931 : (Logical Clock Time 292) Internal event occurred.
2023-03-07 20:45:42,269 : (Logical Clock Time 293) Received a message with logical time 293. Current queue length is 1.
2023-03-07 20:45:42,606 : (Logical Clock Time 294) Received a message with logical time 293. Current queue length is 1.
2023-03-07 20:45:42,942 : (Logical Clock Time 295) Received a message with logical time 294. Current queue length is 0.
2023-03-07 20:45:43,281 : (Logical Clock Time 296) Received a message with logical time 296. Current queue length is 0.
2023-03-07 20:45:43,617 : (Logical Clock Time 297) Sent a message to both other machines.
2023-03-07 20:45:43,954 : (Logical Clock Time 298) Internal event occurred.
2023-03-07 20:45:44,291 : (Logical Clock Time 299) Internal event occurred.
2023-03-07 20:45:44,629 : (Logical Clock Time 300) Internal event occurred.
