2023-03-07 20:40:35,428 : Clock rate: 3
2023-03-07 20:40:35,452 : (Logical Clock Time 1) Internal event occurred.
2023-03-07 20:40:35,791 : (Logical Clock Time 2) Internal event occurred.
2023-03-07 20:40:36,126 : (Logical Clock Time 3) Received a message with logical time 2. Current queue length is 0.
2023-03-07 20:40:36,461 : (Logical Clock Time 4) Internal event occurred.
2023-03-07 20:40:36,800 : (Logical Clock Time 5) Sent a message to machine 0.
2023-03-07 20:40:37,134 : (Logical Clock Time 7) Received a message with logical time 7. Current queue length is 0.
2023-03-07 20:40:37,472 : (Logical Clock Time 8) Internal event occurred.
2023-03-07 20:40:37,809 : (Logical Clock Time 9) Sent a message to machine 2.
2023-03-07 20:40:38,145 : (Logical Clock Time 10) Internal event occurred.
2023-03-07 20:40:38,481 : (Logical Clock Time 12) Received a message with logical time 12. Current queue length is 0.
2023-03-07 20:40:38,819 : (Logical Clock Time 13) Received a message with logical time 13. Current queue length is 0.
2023-03-07 20:40:39,153 : (Logical Clock Time 14) Internal event occurred.
2023-03-07 20:40:39,491 : (Logical Clock Time 15) Sent a message to machine 0.
2023-03-07 20:40:39,828 : (Logical Clock Time 17) Received a message with logical time 17. Current queue length is 0.
2023-03-07 20:40:40,167 : (Logical Clock Time 18) Internal event occurred.
2023-03-07 20:40:40,500 : (Logical Clock Time 19) Internal event occurred.
2023-03-07 20:40:40,838 : (Logical Clock Time 20) Internal event occurred.
2023-03-07 20:40:41,177 : (Logical Clock Time 23) Received a message with logical time 23. Current queue length is 0.
2023-03-07 20:40:41,515 : (Logical Clock Time 24) Internal event occurred.
2023-03-07 20:40:41,852 : (Logical Clock Time 25) Internal event occurred.
2023-03-07 20:40:42,191 : (Logical Clock Time 27) Received a message with logical time 27. Current queue length is 0.
2023-03-07 20:40:42,525 : (Logical Clock Time 28) Internal event occurred.
2023-03-07 20:40:42,863 : (Logical Clock Time 29) Received a message with logical time 29. Current queue length is 0.
2023-03-07 20:40:43,202 : (Logical Clock Time 30) Internal event occurred.
2023-03-07 20:40:43,540 : (Logical Clock Time 31) Received a message with logical time 29. Current queue length is 0.
2023-03-07 20:40:43,878 : (Logical Clock Time 32) Sent a message to machine 2.
2023-03-07 20:40:44,213 : (Logical Clock Time 33) Sent a message to machine 2.
2023-03-07 20:40:44,551 : (Logical Clock Time 34) Internal event occurred.
2023-03-07 20:40:44,890 : (Logical Clock Time 35) Internal event occurred.
2023-03-07 20:40:45,225 : (Logical Clock Time 36) Sent a message to both other machines.
2023-03-07 20:40:45,560 : (Logical Clock Time 37) Sent a message to machine 2.
2023-03-07 20:40:45,898 : (Logical Clock Time 38) Internal event occurred.
2023-03-07 20:40:46,237 : (Logical Clock Time 39) Sent a message to machine 2.
2023-03-07 20:40:46,572 : (Logical Clock Time 40) Internal event occurred.
2023-03-07 20:40:46,909 : (Logical Clock Time 45) Received a message with logical time 45. Current queue length is 0.
2023-03-07 20:40:47,246 : (Logical Clock Time 46) Internal event occurred.
2023-03-07 20:40:47,580 : (Logical Clock Time 48) Received a message with logical time 48. Current queue length is 0.
2023-03-07 20:40:47,915 : (Logical Clock Time 49) Sent a message to both other machines.
2023-03-07 20:40:48,253 : (Logical Clock Time 50) Internal event occurred.
2023-03-07 20:40:48,588 : (Logical Clock Time 51) Internal event occurred.
2023-03-07 20:40:48,925 : (Logical Clock Time 52) Sent a message to both other machines.
2023-03-07 20:40:49,263 : (Logical Clock Time 53) Sent a message to both other machines.
2023-03-07 20:40:49,601 : (Logical Clock Time 54) Internal event occurred.
2023-03-07 20:40:49,935 : (Logical Clock Time 58) Received a message with logical time 58. Current queue length is 0.
2023-03-07 20:40:50,274 : (Logical Clock Time 59) Internal event occurred.
2023-03-07 20:40:50,612 : (Logical Clock Time 60) Internal event occurred.
2023-03-07 20:40:50,947 : (Logical Clock Time 61) Internal event occurred.
2023-03-07 20:40:51,285 : (Logical Clock Time 63) Received a message with logical time 63. Current queue length is 0.
2023-03-07 20:40:51,623 : (Logical Clock Time 64) Internal event occurred.
2023-03-07 20:40:51,962 : (Logical Clock Time 65) Internal event occurred.
2023-03-07 20:40:52,300 : (Logical Clock Time 67) Received a message with logical time 67. Current queue length is 0.
2023-03-07 20:40:52,635 : (Logical Clock Time 68) Sent a message to machine 2.
2023-03-07 20:40:52,973 : (Logical Clock Time 69) Internal event occurred.
2023-03-07 20:40:53,312 : (Logical Clock Time 70) Sent a message to machine 2.
2023-03-07 20:40:53,650 : (Logical Clock Time 71) Internal event occurred.
2023-03-07 20:40:53,988 : (Logical Clock Time 72) Internal event occurred.
2023-03-07 20:40:54,327 : (Logical Clock Time 73) Internal event occurred.
2023-03-07 20:40:54,667 : (Logical Clock Time 74) Sent a message to machine 2.
2023-03-07 20:40:55,003 : (Logical Clock Time 75) Internal event occurred.
2023-03-07 20:40:55,341 : (Logical Clock Time 76) Internal event occurred.
2023-03-07 20:40:55,680 : (Logical Clock Time 77) Internal event occurred.
2023-03-07 20:40:56,017 : (Logical Clock Time 78) Internal event occurred.
2023-03-07 20:40:56,355 : (Logical Clock Time 79) Sent a message to both other machines.
2023-03-07 20:40:56,691 : (Logical Clock Time 80) Internal event occurred.
2023-03-07 20:40:57,029 : (Logical Clock Time 86) Received a message with logical time 86. Current queue length is 0.
2023-03-07 20:40:57,367 : (Logical Clock Time 87) Internal event occurred.
2023-03-07 20:40:57,705 : (Logical Clock Time 88) Internal event occurred.
2023-03-07 20:40:58,043 : (Logical Clock Time 89) Internal event occurred.
2023-03-07 20:40:58,382 : (Logical Clock Time 90) Internal event occurred.
2023-03-07 20:40:58,717 : (Logical Clock Time 91) Internal event occurred.
2023-03-07 20:40:59,055 : (Logical Clock Time 93) Received a message with logical time 93. Current queue length is 0.
2023-03-07 20:40:59,393 : (Logical Clock Time 94) Internal event occurred.
2023-03-07 20:40:59,732 : (Logical Clock Time 96) Received a message with logical time 96. Current queue length is 1.
2023-03-07 20:41:00,067 : (Logical Clock Time 97) Received a message with logical time 91. Current queue length is 0.
2023-03-07 20:41:00,406 : (Logical Clock Time 98) Internal event occurred.
2023-03-07 20:41:00,740 : (Logical Clock Time 99) Internal event occurred.
2023-03-07 20:41:01,074 : (Logical Clock Time 100) Internal event occurred.
2023-03-07 20:41:01,413 : (Logical Clock Time 101) Internal event occurred.
2023-03-07 20:41:01,752 : (Logical Clock Time 104) Received a message with logical time 104. Current queue length is 0.
2023-03-07 20:41:02,089 : (Logical Clock Time 105) Received a message with logical time 105. Current queue length is 0.
2023-03-07 20:41:02,428 : (Logical Clock Time 106) Sent a message to both other machines.
2023-03-07 20:41:02,764 : (Logical Clock Time 107) Internal event occurred.
2023-03-07 20:41:03,102 : (Logical Clock Time 108) Internal event occurred.
2023-03-07 20:41:03,439 : (Logical Clock Time 111) Received a message with logical time 111. Current queue length is 0.
2023-03-07 20:41:03,774 : (Logical Clock Time 112) Internal event occurred.
2023-03-07 20:41:04,108 : (Logical Clock Time 113) Sent a message to machine 2.
2023-03-07 20:41:04,447 : (Logical Clock Time 114) Sent a message to machine 2.
2023-03-07 20:41:04,785 : (Logical Clock Time 115) Internal event occurred.
2023-03-07 20:41:05,122 : (Logical Clock Time 116) Internal event occurred.
2023-03-07 20:41:05,458 : (Logical Clock Time 117) Internal event occurred.
2023-03-07 20:41:05,793 : (Logical Clock Time 120) Received a message with logical time 120. Current queue length is 0.
2023-03-07 20:41:06,131 : (Logical Clock Time 121) Internal event occurred.
2023-03-07 20:41:06,467 : (Logical Clock Time 122) Received a message with logical time 121. Current queue length is 0.
2023-03-07 20:41:06,805 : (Logical Clock Time 124) Received a message with logical time 124. Current queue length is 0.
2023-03-07 20:41:07,139 : (Logical Clock Time 125) Internal event occurred.
2023-03-07 20:41:07,477 : (Logical Clock Time 126) Internal event occurred.
2023-03-07 20:41:07,814 : (Logical Clock Time 127) Internal event occurred.
2023-03-07 20:41:08,150 : (Logical Clock Time 128) Internal event occurred.
2023-03-07 20:41:08,489 : (Logical Clock Time 129) Sent a message to machine 2.
2023-03-07 20:41:08,826 : (Logical Clock Time 130) Sent a message to machine 2.
2023-03-07 20:41:09,161 : (Logical Clock Time 131) Internal event occurred.
2023-03-07 20:41:09,499 : (Logical Clock Time 134) Received a message with logical time 134. Current queue length is 0.
2023-03-07 20:41:09,837 : (Logical Clock Time 135) Internal event occurred.
2023-03-07 20:41:10,171 : (Logical Clock Time 137) Received a message with logical time 137. Current queue length is 0.
2023-03-07 20:41:10,510 : (Logical Clock Time 138) Internal event occurred.
2023-03-07 20:41:10,847 : (Logical Clock Time 139) Internal event occurred.
2023-03-07 20:41:11,189 : (Logical Clock Time 140) Internal event occurred.
2023-03-07 20:41:11,523 : (Logical Clock Time 141) Internal event occurred.
2023-03-07 20:41:11,858 : (Logical Clock Time 142) Internal event occurred.
2023-03-07 20:41:12,197 : (Logical Clock Time 143) Internal event occurred.
2023-03-07 20:41:12,534 : (Logical Clock Time 147) Received a message with logical time 147. Current queue length is 0.
2023-03-07 20:41:12,867 : (Logical Clock Time 148) Internal event occurred.
2023-03-07 20:41:13,205 : (Logical Clock Time 149) Internal event occurred.
2023-03-07 20:41:13,543 : (Logical Clock Time 150) Received a message with logical time 147. Current queue length is 1.
2023-03-07 20:41:13,882 : (Logical Clock Time 151) Received a message with logical time 150. Current queue length is 0.
2023-03-07 20:41:14,218 : (Logical Clock Time 152) Sent a message to machine 2.
2023-03-07 20:41:14,552 : (Logical Clock Time 153) Sent a message to both other machines.
2023-03-07 20:41:14,890 : (Logical Clock Time 154) Internal event occurred.
2023-03-07 20:41:15,229 : (Logical Clock Time 155) Internal event occurred.
2023-03-07 20:41:15,567 : (Logical Clock Time 156) Sent a message to machine 2.
2023-03-07 20:41:15,901 : (Logical Clock Time 157) Sent a message to both other machines.
2023-03-07 20:41:16,239 : (Logical Clock Time 158) Internal event occurred.
2023-03-07 20:41:16,577 : (Logical Clock Time 163) Received a message with logical time 163. Current queue length is 0.
2023-03-07 20:41:16,916 : (Logical Clock Time 164) Received a message with logical time 158. Current queue length is 0.
2023-03-07 20:41:17,250 : (Logical Clock Time 165) Sent a message to machine 0.
2023-03-07 20:41:17,586 : (Logical Clock Time 166) Received a message with logical time 166. Current queue length is 0.
2023-03-07 20:41:17,925 : (Logical Clock Time 167) Internal event occurred.
2023-03-07 20:41:18,263 : (Logical Clock Time 168) Internal event occurred.
2023-03-07 20:41:18,601 : (Logical Clock Time 171) Received a message with logical time 171. Current queue length is 0.
2023-03-07 20:41:18,939 : (Logical Clock Time 172) Sent a message to machine 0.
2023-03-07 20:41:19,276 : (Logical Clock Time 173) Received a message with logical time 173. Current queue length is 0.
2023-03-07 20:41:19,612 : (Logical Clock Time 174) Received a message with logical time 174. Current queue length is 1.
2023-03-07 20:41:19,958 : (Logical Clock Time 175) Received a message with logical time 175. Current queue length is 1.
2023-03-07 20:41:20,292 : (Logical Clock Time 176) Received a message with logical time 176. Current queue length is 0.
2023-03-07 20:41:20,628 : (Logical Clock Time 177) Internal event occurred.
2023-03-07 20:41:20,963 : (Logical Clock Time 178) Internal event occurred.
2023-03-07 20:41:21,301 : (Logical Clock Time 179) Internal event occurred.
2023-03-07 20:41:21,638 : (Logical Clock Time 180) Sent a message to machine 2.
2023-03-07 20:41:21,978 : (Logical Clock Time 181) Internal event occurred.
2023-03-07 20:41:22,310 : (Logical Clock Time 185) Received a message with logical time 185. Current queue length is 0.
2023-03-07 20:41:22,646 : (Logical Clock Time 186) Sent a message to machine 2.
2023-03-07 20:41:22,983 : (Logical Clock Time 187) Internal event occurred.
2023-03-07 20:41:23,317 : (Logical Clock Time 189) Received a message with logical time 189. Current queue length is 0.
2023-03-07 20:41:23,656 : (Logical Clock Time 190) Sent a message to machine 2.
2023-03-07 20:41:23,994 : (Logical Clock Time 191) Sent a message to machine 2.
2023-03-07 20:41:24,331 : (Logical Clock Time 192) Internal event occurred.
2023-03-07 20:41:24,666 : (Logical Clock Time 193) Sent a message to machine 0.
2023-03-07 20:41:25,005 : (Logical Clock Time 194) Internal event occurred.
2023-03-07 20:41:25,342 : (Logical Clock Time 195) Sent a message to machine 2.
2023-03-07 20:41:25,684 : (Logical Clock Time 196) Internal event occurred.
2023-03-07 20:41:26,021 : (Logical Clock Time 197) Internal event occurred.
2023-03-07 20:41:26,359 : (Logical Clock Time 198) Internal event occurred.
2023-03-07 20:41:26,698 : (Logical Clock Time 199) Sent a message to machine 0.
2023-03-07 20:41:27,034 : (Logical Clock Time 200) Internal event occurred.
2023-03-07 20:41:27,373 : (Logical Clock Time 201) Internal event occurred.
2023-03-07 20:41:27,710 : (Logical Clock Time 202) Internal event occurred.
2023-03-07 20:41:28,046 : (Logical Clock Time 203) Internal event occurred.
2023-03-07 20:41:28,379 : (Logical Clock Time 207) Received a message with logical time 207. Current queue length is 0.
2023-03-07 20:41:28,713 : (Logical Clock Time 208) Internal event occurred.
2023-03-07 20:41:29,050 : (Logical Clock Time 209) Internal event occurred.
2023-03-07 20:41:29,384 : (Logical Clock Time 213) Received a message with logical time 213. Current queue length is 0.
2023-03-07 20:41:29,721 : (Logical Clock Time 214) Sent a message to machine 2.
2023-03-07 20:41:30,059 : (Logical Clock Time 216) Received a message with logical time 216. Current queue length is 0.
2023-03-07 20:41:30,397 : (Logical Clock Time 217) Internal event occurred.
2023-03-07 20:41:30,734 : (Logical Clock Time 218) Sent a message to machine 2.
2023-03-07 20:41:31,072 : (Logical Clock Time 219) Internal event occurred.
2023-03-07 20:41:31,411 : (Logical Clock Time 220) Sent a message to machine 0.
2023-03-07 20:41:31,749 : (Logical Clock Time 221) Internal event occurred.
2023-03-07 20:41:32,084 : (Logical Clock Time 222) Sent a message to both other machines.
2023-03-07 20:41:32,421 : (Logical Clock Time 223) Internal event occurred.
2023-03-07 20:41:32,759 : (Logical Clock Time 226) Received a message with logical time 226. Current queue length is 0.
2023-03-07 20:41:33,096 : (Logical Clock Time 227) Internal event occurred.
2023-03-07 20:41:33,430 : (Logical Clock Time 228) Internal event occurred.
2023-03-07 20:41:33,768 : (Logical Clock Time 229) Internal event occurred.
2023-03-07 20:41:34,103 : (Logical Clock Time 230) Sent a message to both other machines.
2023-03-07 20:41:34,437 : (Logical Clock Time 231) Sent a message to machine 0.
2023-03-07 20:41:34,772 : (Logical Clock Time 232) Internal event occurred.
2023-03-07 20:41:35,110 : (Logical Clock Time 233) Internal event occurred.
2023-03-07 20:41:35,444 : (Logical Clock Time 234) Internal event occurred.
2023-03-07 20:41:35,782 : (Logical Clock Time 238) Received a message with logical time 238. Current queue length is 0.
2023-03-07 20:41:36,120 : (Logical Clock Time 239) Received a message with logical time 239. Current queue length is 0.
2023-03-07 20:41:36,457 : (Logical Clock Time 241) Received a message with logical time 241. Current queue length is 0.
2023-03-07 20:41:36,796 : (Logical Clock Time 242) Internal event occurred.
2023-03-07 20:41:37,133 : (Logical Clock Time 244) Received a message with logical time 244. Current queue length is 0.
2023-03-07 20:41:37,471 : (Logical Clock Time 245) Internal event occurred.
2023-03-07 20:41:37,809 : (Logical Clock Time 246) Internal event occurred.
2023-03-07 20:41:38,146 : (Logical Clock Time 247) Received a message with logical time 247. Current queue length is 0.
2023-03-07 20:41:38,480 : (Logical Clock Time 248) Sent a message to machine 2.
2023-03-07 20:41:38,819 : (Logical Clock Time 249) Internal event occurred.
2023-03-07 20:41:39,157 : (Logical Clock Time 250) Internal event occurred.
2023-03-07 20:41:39,491 : (Logical Clock Time 251) Internal event occurred.
2023-03-07 20:41:39,829 : (Logical Clock Time 252) Internal event occurred.
2023-03-07 20:41:40,165 : (Logical Clock Time 256) Received a message with logical time 256. Current queue length is 0.
2023-03-07 20:41:40,504 : (Logical Clock Time 257) Received a message with logical time 257. Current queue length is 0.
2023-03-07 20:41:40,841 : (Logical Clock Time 258) Internal event occurred.
2023-03-07 20:41:41,175 : (Logical Clock Time 260) Received a message with logical time 260. Current queue length is 0.
2023-03-07 20:41:41,514 : (Logical Clock Time 261) Received a message with logical time 261. Current queue length is 0.
2023-03-07 20:41:41,853 : (Logical Clock Time 262) Internal event occurred.
2023-03-07 20:41:42,191 : (Logical Clock Time 263) Internal event occurred.
2023-03-07 20:41:42,528 : (Logical Clock Time 264) Received a message with logical time 262. Current queue length is 0.
2023-03-07 20:41:42,862 : (Logical Clock Time 265) Internal event occurred.
2023-03-07 20:41:43,200 : (Logical Clock Time 266) Sent a message to both other machines.
2023-03-07 20:41:43,537 : (Logical Clock Time 267) Internal event occurred.
2023-03-07 20:41:43,876 : (Logical Clock Time 270) Received a message with logical time 270. Current queue length is 0.
2023-03-07 20:41:44,214 : (Logical Clock Time 271) Internal event occurred.
2023-03-07 20:41:44,550 : (Logical Clock Time 272) Internal event occurred.
2023-03-07 20:41:44,884 : (Logical Clock Time 273) Internal event occurred.
2023-03-07 20:41:45,221 : (Logical Clock Time 274) Internal event occurred.
2023-03-07 20:41:45,554 : (Logical Clock Time 275) Internal event occurred.
2023-03-07 20:41:45,891 : (Logical Clock Time 276) Internal event occurred.
2023-03-07 20:41:46,230 : (Logical Clock Time 277) Internal event occurred.
2023-03-07 20:41:46,566 : (Logical Clock Time 278) Sent a message to machine 2.
2023-03-07 20:41:46,900 : (Logical Clock Time 279) Internal event occurred.
2023-03-07 20:41:47,238 : (Logical Clock Time 280) Received a message with logical time 280. Current queue length is 0.
2023-03-07 20:41:47,576 : (Logical Clock Time 281) Internal event occurred.
2023-03-07 20:41:47,914 : (Logical Clock Time 282) Internal event occurred.
2023-03-07 20:41:48,252 : (Logical Clock Time 287) Received a message with logical time 287. Current queue length is 0.
2023-03-07 20:41:48,587 : (Logical Clock Time 289) Received a message with logical time 289. Current queue length is 0.
2023-03-07 20:41:48,925 : (Logical Clock Time 290) Received a message with logical time 290. Current queue length is 0.
2023-03-07 20:41:49,263 : (Logical Clock Time 291) Sent a message to machine 2.
2023-03-07 20:41:49,602 : (Logical Clock Time 292) Sent a message to machine 0.
2023-03-07 20:41:49,940 : (Logical Clock Time 293) Sent a message to machine 2.
2023-03-07 20:41:50,278 : (Logical Clock Time 296) Received a message with logical time 296. Current queue length is 0.
2023-03-07 20:41:50,613 : (Logical Clock Time 297) Internal event occurred.
2023-03-07 20:41:50,947 : (Logical Clock Time 298) Received a message with logical time 298. Current queue length is 0.
2023-03-07 20:41:51,286 : (Logical Clock Time 299) Received a message with logical time 299. Current queue length is 0.
2023-03-07 20:41:51,624 : (Logical Clock Time 300) Internal event occurred.
2023-03-07 20:41:51,960 : (Logical Clock Time 301) Internal event occurred.
2023-03-07 20:41:52,298 : (Logical Clock Time 304) Received a message with logical time 304. Current queue length is 0.
2023-03-07 20:41:52,636 : (Logical Clock Time 305) Internal event occurred.
2023-03-07 20:41:52,975 : (Logical Clock Time 306) Sent a message to both other machines.
2023-03-07 20:41:53,310 : (Logical Clock Time 307) Internal event occurred.
2023-03-07 20:41:53,648 : (Logical Clock Time 308) Internal event occurred.
2023-03-07 20:41:53,987 : (Logical Clock Time 309) Internal event occurred.
2023-03-07 20:41:54,325 : (Logical Clock Time 310) Received a message with logical time 308. Current queue length is 0.
2023-03-07 20:41:54,663 : (Logical Clock Time 311) Internal event occurred.
2023-03-07 20:41:55,002 : (Logical Clock Time 312) Internal event occurred.
2023-03-07 20:41:55,339 : (Logical Clock Time 313) Internal event occurred.
2023-03-07 20:41:55,674 : (Logical Clock Time 317) Received a message with logical time 317. Current queue length is 0.
2023-03-07 20:41:56,010 : (Logical Clock Time 318) Received a message with logical time 318. Current queue length is 0.
2023-03-07 20:41:56,344 : (Logical Clock Time 319) Internal event occurred.
2023-03-07 20:41:56,679 : (Logical Clock Time 320) Received a message with logical time 318. Current queue length is 1.
2023-03-07 20:41:57,017 : (Logical Clock Time 321) Received a message with logical time 321. Current queue length is 1.
2023-03-07 20:41:57,354 : (Logical Clock Time 322) Received a message with logical time 322. Current queue length is 0.
2023-03-07 20:41:57,692 : (Logical Clock Time 323) Internal event occurred.
2023-03-07 20:41:58,028 : (Logical Clock Time 324) Internal event occurred.
2023-03-07 20:41:58,364 : (Logical Clock Time 325) Internal event occurred.
2023-03-07 20:41:58,697 : (Logical Clock Time 328) Received a message with logical time 328. Current queue length is 0.
2023-03-07 20:41:59,036 : (Logical Clock Time 329) Internal event occurred.
2023-03-07 20:41:59,372 : (Logical Clock Time 331) Received a message with logical time 331. Current queue length is 0.
2023-03-07 20:41:59,711 : (Logical Clock Time 332) Received a message with logical time 332. Current queue length is 1.
2023-03-07 20:42:00,048 : (Logical Clock Time 333) Received a message with logical time 333. Current queue length is 0.
2023-03-07 20:42:00,381 : (Logical Clock Time 335) Received a message with logical time 335. Current queue length is 0.
2023-03-07 20:42:00,719 : (Logical Clock Time 336) Sent a message to both other machines.
2023-03-07 20:42:01,054 : (Logical Clock Time 337) Sent a message to both other machines.
2023-03-07 20:42:01,392 : (Logical Clock Time 338) Internal event occurred.
2023-03-07 20:42:01,729 : (Logical Clock Time 339) Internal event occurred.
2023-03-07 20:42:02,066 : (Logical Clock Time 342) Received a message with logical time 342. Current queue length is 0.
2023-03-07 20:42:02,404 : (Logical Clock Time 343) Internal event occurred.
2023-03-07 20:42:02,737 : (Logical Clock Time 344) Internal event occurred.
2023-03-07 20:42:03,076 : (Logical Clock Time 345) Internal event occurred.
2023-03-07 20:42:03,414 : (Logical Clock Time 347) Received a message with logical time 347. Current queue length is 0.
2023-03-07 20:42:03,749 : (Logical Clock Time 348) Internal event occurred.
2023-03-07 20:42:04,087 : (Logical Clock Time 349) Internal event occurred.
2023-03-07 20:42:04,425 : (Logical Clock Time 350) Internal event occurred.
2023-03-07 20:42:04,762 : (Logical Clock Time 351) Internal event occurred.
2023-03-07 20:42:05,100 : (Logical Clock Time 352) Sent a message to machine 2.
2023-03-07 20:42:05,438 : (Logical Clock Time 353) Internal event occurred.
2023-03-07 20:42:05,776 : (Logical Clock Time 354) Internal event occurred.
2023-03-07 20:42:06,114 : (Logical Clock Time 355) Internal event occurred.
2023-03-07 20:42:06,450 : (Logical Clock Time 356) Sent a message to machine 0.
2023-03-07 20:42:06,784 : (Logical Clock Time 361) Received a message with logical time 361. Current queue length is 0.
2023-03-07 20:42:07,123 : (Logical Clock Time 362) Internal event occurred.
2023-03-07 20:42:07,462 : (Logical Clock Time 363) Received a message with logical time 363. Current queue length is 0.
2023-03-07 20:42:07,797 : (Logical Clock Time 364) Received a message with logical time 364. Current queue length is 0.
2023-03-07 20:42:08,133 : (Logical Clock Time 366) Received a message with logical time 366. Current queue length is 0.
2023-03-07 20:42:08,466 : (Logical Clock Time 367) Internal event occurred.
2023-03-07 20:42:08,804 : (Logical Clock Time 368) Sent a message to both other machines.
2023-03-07 20:42:09,142 : (Logical Clock Time 369) Internal event occurred.
2023-03-07 20:42:09,481 : (Logical Clock Time 371) Received a message with logical time 371. Current queue length is 0.
2023-03-07 20:42:09,818 : (Logical Clock Time 372) Received a message with logical time 372. Current queue length is 1.
2023-03-07 20:42:10,157 : (Logical Clock Time 373) Received a message with logical time 373. Current queue length is 0.
2023-03-07 20:42:10,493 : (Logical Clock Time 374) Internal event occurred.
2023-03-07 20:42:10,829 : (Logical Clock Time 375) Sent a message to machine 2.
2023-03-07 20:42:11,165 : (Logical Clock Time 376) Internal event occurred.
2023-03-07 20:42:11,507 : (Logical Clock Time 377) Sent a message to machine 0.
2023-03-07 20:42:11,845 : (Logical Clock Time 380) Received a message with logical time 380. Current queue length is 0.
2023-03-07 20:42:12,179 : (Logical Clock Time 382) Received a message with logical time 382. Current queue length is 0.
2023-03-07 20:42:12,518 : (Logical Clock Time 383) Sent a message to both other machines.
2023-03-07 20:42:12,856 : (Logical Clock Time 384) Internal event occurred.
2023-03-07 20:42:13,195 : (Logical Clock Time 385) Internal event occurred.
2023-03-07 20:42:13,530 : (Logical Clock Time 386) Sent a message to machine 2.
2023-03-07 20:42:13,869 : (Logical Clock Time 387) Received a message with logical time 385. Current queue length is 0.
2023-03-07 20:42:14,205 : (Logical Clock Time 388) Internal event occurred.
2023-03-07 20:42:14,543 : (Logical Clock Time 389) Internal event occurred.
2023-03-07 20:42:14,879 : (Logical Clock Time 390) Internal event occurred.
2023-03-07 20:42:15,213 : (Logical Clock Time 391) Sent a message to machine 0.
2023-03-07 20:42:15,551 : (Logical Clock Time 392) Internal event occurred.
2023-03-07 20:42:15,885 : (Logical Clock Time 393) Internal event occurred.
2023-03-07 20:42:16,223 : (Logical Clock Time 394) Internal event occurred.
