2023-03-07 20:47:58,290 : Clock rate: 5
2023-03-07 20:47:58,317 : (Logical Clock Time 1) Internal event occurred.
2023-03-07 20:47:58,523 : (Logical Clock Time 2) Internal event occurred.
2023-03-07 20:47:58,729 : (Logical Clock Time 3) Sent a message to both other machines.
2023-03-07 20:47:58,934 : (Logical Clock Time 4) Internal event occurred.
2023-03-07 20:47:59,135 : (Logical Clock Time 5) Sent a message to both other machines.
2023-03-07 20:47:59,340 : (Logical Clock Time 6) Internal event occurred.
2023-03-07 20:47:59,544 : (Logical Clock Time 7) Internal event occurred.
2023-03-07 20:47:59,748 : (Logical Clock Time 8) Received a message with logical time 7. Current queue length is 0.
2023-03-07 20:47:59,952 : (Logical Clock Time 9) Received a message with logical time 8. Current queue length is 0.
2023-03-07 20:48:00,155 : (Logical Clock Time 10) Received a message with logical time 10. Current queue length is 0.
2023-03-07 20:48:00,357 : (Logical Clock Time 11) Internal event occurred.
2023-03-07 20:48:00,560 : (Logical Clock Time 12) Internal event occurred.
2023-03-07 20:48:00,764 : (Logical Clock Time 13) Sent a message to machine 1.
2023-03-07 20:48:00,969 : (Logical Clock Time 14) Internal event occurred.
2023-03-07 20:48:01,173 : (Logical Clock Time 15) Internal event occurred.
2023-03-07 20:48:01,374 : (Logical Clock Time 16) Sent a message to machine 1.
2023-03-07 20:48:01,579 : (Logical Clock Time 17) Internal event occurred.
2023-03-07 20:48:01,782 : (Logical Clock Time 18) Internal event occurred.
2023-03-07 20:48:01,985 : (Logical Clock Time 19) Received a message with logical time 18. Current queue length is 0.
2023-03-07 20:48:02,188 : (Logical Clock Time 20) Internal event occurred.
2023-03-07 20:48:02,393 : (Logical Clock Time 21) Received a message with logical time 20. Current queue length is 0.
2023-03-07 20:48:02,598 : (Logical Clock Time 22) Internal event occurred.
2023-03-07 20:48:02,799 : (Logical Clock Time 23) Internal event occurred.
2023-03-07 20:48:03,005 : (Logical Clock Time 24) Internal event occurred.
2023-03-07 20:48:03,210 : (Logical Clock Time 25) Internal event occurred.
2023-03-07 20:48:03,410 : (Logical Clock Time 26) Internal event occurred.
2023-03-07 20:48:03,613 : (Logical Clock Time 27) Received a message with logical time 26. Current queue length is 0.
2023-03-07 20:48:03,818 : (Logical Clock Time 28) Sent a message to machine 1.
2023-03-07 20:48:04,023 : (Logical Clock Time 29) Internal event occurred.
2023-03-07 20:48:04,228 : (Logical Clock Time 30) Internal event occurred.
2023-03-07 20:48:04,433 : (Logical Clock Time 31) Sent a message to both other machines.
2023-03-07 20:48:04,638 : (Logical Clock Time 32) Internal event occurred.
2023-03-07 20:48:04,843 : (Logical Clock Time 33) Internal event occurred.
2023-03-07 20:48:05,048 : (Logical Clock Time 34) Internal event occurred.
2023-03-07 20:48:05,251 : (Logical Clock Time 35) Received a message with logical time 34. Current queue length is 0.
2023-03-07 20:48:05,456 : (Logical Clock Time 36) Internal event occurred.
2023-03-07 20:48:05,662 : (Logical Clock Time 37) Internal event occurred.
2023-03-07 20:48:05,863 : (Logical Clock Time 38) Sent a message to both other machines.
2023-03-07 20:48:06,068 : (Logical Clock Time 39) Received a message with logical time 39. Current queue length is 0.
2023-03-07 20:48:06,274 : (Logical Clock Time 40) Internal event occurred.
2023-03-07 20:48:06,476 : (Logical Clock Time 41) Internal event occurred.
2023-03-07 20:48:06,681 : (Logical Clock Time 42) Internal event occurred.
2023-03-07 20:48:06,883 : (Logical Clock Time 43) Internal event occurred.
2023-03-07 20:48:07,085 : (Logical Clock Time 44) Internal event occurred.
2023-03-07 20:48:07,289 : (Logical Clock Time 45) Internal event occurred.
2023-03-07 20:48:07,494 : (Logical Clock Time 46) Sent a message to machine 1.
2023-03-07 20:48:07,695 : (Logical Clock Time 47) Internal event occurred.
2023-03-07 20:48:07,900 : (Logical Clock Time 48) Internal event occurred.
2023-03-07 20:48:08,105 : (Logical Clock Time 49) Internal event occurred.
2023-03-07 20:48:08,310 : (Logical Clock Time 50) Internal event occurred.
2023-03-07 20:48:08,512 : (Logical Clock Time 51) Internal event occurred.
2023-03-07 20:48:08,717 : (Logical Clock Time 52) Received a message with logical time 52. Current queue length is 0.
2023-03-07 20:48:08,917 : (Logical Clock Time 53) Sent a message to both other machines.
2023-03-07 20:48:09,119 : (Logical Clock Time 54) Received a message with logical time 53. Current queue length is 0.
2023-03-07 20:48:09,322 : (Logical Clock Time 55) Received a message with logical time 55. Current queue length is 0.
2023-03-07 20:48:09,527 : (Logical Clock Time 56) Internal event occurred.
2023-03-07 20:48:09,732 : (Logical Clock Time 57) Received a message with logical time 57. Current queue length is 0.
2023-03-07 20:48:09,934 : (Logical Clock Time 58) Internal event occurred.
2023-03-07 20:48:10,139 : (Logical Clock Time 59) Received a message with logical time 59. Current queue length is 0.
2023-03-07 20:48:10,344 : (Logical Clock Time 60) Internal event occurred.
2023-03-07 20:48:10,546 : (Logical Clock Time 61) Received a message with logical time 61. Current queue length is 0.
2023-03-07 20:48:10,750 : (Logical Clock Time 62) Received a message with logical time 62. Current queue length is 0.
2023-03-07 20:48:10,955 : (Logical Clock Time 63) Sent a message to machine 0.
2023-03-07 20:48:11,156 : (Logical Clock Time 64) Internal event occurred.
2023-03-07 20:48:11,358 : (Logical Clock Time 65) Sent a message to machine 1.
2023-03-07 20:48:11,558 : (Logical Clock Time 66) Sent a message to machine 1.
2023-03-07 20:48:11,760 : (Logical Clock Time 67) Internal event occurred.
2023-03-07 20:48:11,963 : (Logical Clock Time 68) Internal event occurred.
2023-03-07 20:48:12,168 : (Logical Clock Time 69) Internal event occurred.
2023-03-07 20:48:12,372 : (Logical Clock Time 70) Internal event occurred.
2023-03-07 20:48:12,577 : (Logical Clock Time 71) Sent a message to machine 0.
2023-03-07 20:48:12,782 : (Logical Clock Time 72) Sent a message to machine 1.
2023-03-07 20:48:12,987 : (Logical Clock Time 73) Internal event occurred.
2023-03-07 20:48:13,188 : (Logical Clock Time 74) Internal event occurred.
2023-03-07 20:48:13,393 : (Logical Clock Time 75) Sent a message to both other machines.
2023-03-07 20:48:13,597 : (Logical Clock Time 76) Sent a message to machine 0.
2023-03-07 20:48:13,802 : (Logical Clock Time 77) Internal event occurred.
2023-03-07 20:48:14,007 : (Logical Clock Time 78) Internal event occurred.
2023-03-07 20:48:14,209 : (Logical Clock Time 79) Internal event occurred.
2023-03-07 20:48:14,414 : (Logical Clock Time 80) Received a message with logical time 79. Current queue length is 0.
2023-03-07 20:48:14,619 : (Logical Clock Time 81) Received a message with logical time 80. Current queue length is 0.
2023-03-07 20:48:14,824 : (Logical Clock Time 82) Internal event occurred.
2023-03-07 20:48:15,025 : (Logical Clock Time 83) Sent a message to both other machines.
2023-03-07 20:48:15,227 : (Logical Clock Time 84) Sent a message to both other machines.
2023-03-07 20:48:15,432 : (Logical Clock Time 85) Internal event occurred.
2023-03-07 20:48:15,637 : (Logical Clock Time 86) Received a message with logical time 85. Current queue length is 0.
2023-03-07 20:48:15,842 : (Logical Clock Time 87) Received a message with logical time 86. Current queue length is 0.
2023-03-07 20:48:16,047 : (Logical Clock Time 88) Sent a message to machine 0.
2023-03-07 20:48:16,255 : (Logical Clock Time 89) Internal event occurred.
2023-03-07 20:48:16,458 : (Logical Clock Time 90) Sent a message to machine 1.
2023-03-07 20:48:16,660 : (Logical Clock Time 91) Sent a message to both other machines.
2023-03-07 20:48:16,865 : (Logical Clock Time 92) Internal event occurred.
2023-03-07 20:48:17,068 : (Logical Clock Time 93) Internal event occurred.
2023-03-07 20:48:17,272 : (Logical Clock Time 94) Internal event occurred.
2023-03-07 20:48:17,477 : (Logical Clock Time 95) Internal event occurred.
2023-03-07 20:48:17,681 : (Logical Clock Time 96) Sent a message to machine 0.
2023-03-07 20:48:17,885 : (Logical Clock Time 97) Internal event occurred.
2023-03-07 20:48:18,085 : (Logical Clock Time 98) Internal event occurred.
2023-03-07 20:48:18,286 : (Logical Clock Time 99) Internal event occurred.
2023-03-07 20:48:18,491 : (Logical Clock Time 100) Internal event occurred.
2023-03-07 20:48:18,696 : (Logical Clock Time 101) Sent a message to machine 1.
2023-03-07 20:48:18,900 : (Logical Clock Time 102) Received a message with logical time 101. Current queue length is 0.
2023-03-07 20:48:19,101 : (Logical Clock Time 103) Internal event occurred.
2023-03-07 20:48:19,306 : (Logical Clock Time 104) Internal event occurred.
2023-03-07 20:48:19,510 : (Logical Clock Time 105) Internal event occurred.
2023-03-07 20:48:19,715 : (Logical Clock Time 106) Internal event occurred.
2023-03-07 20:48:19,919 : (Logical Clock Time 107) Sent a message to machine 1.
2023-03-07 20:48:20,121 : (Logical Clock Time 108) Sent a message to machine 1.
2023-03-07 20:48:20,326 : (Logical Clock Time 109) Internal event occurred.
2023-03-07 20:48:20,529 : (Logical Clock Time 110) Received a message with logical time 109. Current queue length is 0.
2023-03-07 20:48:20,734 : (Logical Clock Time 111) Received a message with logical time 110. Current queue length is 0.
2023-03-07 20:48:20,939 : (Logical Clock Time 112) Internal event occurred.
2023-03-07 20:48:21,146 : (Logical Clock Time 113) Received a message with logical time 113. Current queue length is 0.
2023-03-07 20:48:21,345 : (Logical Clock Time 114) Received a message with logical time 114. Current queue length is 0.
2023-03-07 20:48:21,546 : (Logical Clock Time 115) Internal event occurred.
2023-03-07 20:48:21,751 : (Logical Clock Time 116) Received a message with logical time 116. Current queue length is 0.
2023-03-07 20:48:21,956 : (Logical Clock Time 117) Received a message with logical time 117. Current queue length is 0.
2023-03-07 20:48:22,157 : (Logical Clock Time 118) Internal event occurred.
2023-03-07 20:48:22,360 : (Logical Clock Time 119) Received a message with logical time 119. Current queue length is 0.
2023-03-07 20:48:22,565 : (Logical Clock Time 120) Internal event occurred.
2023-03-07 20:48:22,770 : (Logical Clock Time 121) Internal event occurred.
2023-03-07 20:48:22,975 : (Logical Clock Time 122) Internal event occurred.
2023-03-07 20:48:23,179 : (Logical Clock Time 123) Internal event occurred.
2023-03-07 20:48:23,384 : (Logical Clock Time 124) Received a message with logical time 124. Current queue length is 0.
2023-03-07 20:48:23,589 : (Logical Clock Time 125) Received a message with logical time 125. Current queue length is 0.
2023-03-07 20:48:23,794 : (Logical Clock Time 126) Sent a message to both other machines.
2023-03-07 20:48:23,999 : (Logical Clock Time 127) Sent a message to machine 1.
2023-03-07 20:48:24,201 : (Logical Clock Time 128) Received a message with logical time 128. Current queue length is 0.
2023-03-07 20:48:24,401 : (Logical Clock Time 129) Sent a message to machine 1.
2023-03-07 20:48:24,606 : (Logical Clock Time 130) Internal event occurred.
2023-03-07 20:48:24,810 : (Logical Clock Time 131) Internal event occurred.
2023-03-07 20:48:25,015 : (Logical Clock Time 132) Internal event occurred.
2023-03-07 20:48:25,218 : (Logical Clock Time 133) Received a message with logical time 133. Current queue length is 0.
2023-03-07 20:48:25,421 : (Logical Clock Time 134) Sent a message to machine 1.
2023-03-07 20:48:25,625 : (Logical Clock Time 135) Internal event occurred.
2023-03-07 20:48:25,830 : (Logical Clock Time 136) Internal event occurred.
2023-03-07 20:48:26,038 : (Logical Clock Time 137) Sent a message to machine 0.
2023-03-07 20:48:26,243 : (Logical Clock Time 138) Internal event occurred.
2023-03-07 20:48:26,448 : (Logical Clock Time 139) Internal event occurred.
2023-03-07 20:48:26,651 : (Logical Clock Time 140) Sent a message to machine 1.
2023-03-07 20:48:26,856 : (Logical Clock Time 141) Internal event occurred.
2023-03-07 20:48:27,061 : (Logical Clock Time 142) Sent a message to machine 0.
2023-03-07 20:48:27,263 : (Logical Clock Time 143) Internal event occurred.
2023-03-07 20:48:27,468 : (Logical Clock Time 144) Internal event occurred.
2023-03-07 20:48:27,673 : (Logical Clock Time 145) Sent a message to both other machines.
2023-03-07 20:48:27,878 : (Logical Clock Time 146) Internal event occurred.
2023-03-07 20:48:28,083 : (Logical Clock Time 147) Internal event occurred.
2023-03-07 20:48:28,288 : (Logical Clock Time 148) Internal event occurred.
2023-03-07 20:48:28,493 : (Logical Clock Time 149) Internal event occurred.
2023-03-07 20:48:28,698 : (Logical Clock Time 150) Received a message with logical time 150. Current queue length is 0.
2023-03-07 20:48:28,900 : (Logical Clock Time 151) Received a message with logical time 151. Current queue length is 0.
2023-03-07 20:48:29,101 : (Logical Clock Time 152) Internal event occurred.
2023-03-07 20:48:29,307 : (Logical Clock Time 153) Sent a message to machine 0.
2023-03-07 20:48:29,511 : (Logical Clock Time 154) Internal event occurred.
2023-03-07 20:48:29,716 : (Logical Clock Time 155) Internal event occurred.
2023-03-07 20:48:29,918 : (Logical Clock Time 156) Sent a message to both other machines.
2023-03-07 20:48:30,123 : (Logical Clock Time 157) Internal event occurred.
2023-03-07 20:48:30,328 : (Logical Clock Time 158) Received a message with logical time 158. Current queue length is 0.
2023-03-07 20:48:30,530 : (Logical Clock Time 159) Internal event occurred.
2023-03-07 20:48:30,735 : (Logical Clock Time 160) Internal event occurred.
2023-03-07 20:48:30,940 : (Logical Clock Time 161) Internal event occurred.
2023-03-07 20:48:31,144 : (Logical Clock Time 162) Sent a message to machine 1.
2023-03-07 20:48:31,347 : (Logical Clock Time 163) Sent a message to machine 1.
2023-03-07 20:48:31,552 : (Logical Clock Time 164) Internal event occurred.
2023-03-07 20:48:31,757 : (Logical Clock Time 165) Sent a message to machine 0.
2023-03-07 20:48:31,960 : (Logical Clock Time 166) Internal event occurred.
2023-03-07 20:48:32,165 : (Logical Clock Time 167) Internal event occurred.
2023-03-07 20:48:32,370 : (Logical Clock Time 168) Internal event occurred.
2023-03-07 20:48:32,575 : (Logical Clock Time 169) Internal event occurred.
2023-03-07 20:48:32,777 : (Logical Clock Time 170) Internal event occurred.
2023-03-07 20:48:32,982 : (Logical Clock Time 171) Received a message with logical time 171. Current queue length is 0.
2023-03-07 20:48:33,186 : (Logical Clock Time 172) Internal event occurred.
2023-03-07 20:48:33,390 : (Logical Clock Time 173) Internal event occurred.
2023-03-07 20:48:33,593 : (Logical Clock Time 174) Sent a message to machine 0.
2023-03-07 20:48:33,796 : (Logical Clock Time 175) Internal event occurred.
2023-03-07 20:48:34,001 : (Logical Clock Time 176) Internal event occurred.
2023-03-07 20:48:34,206 : (Logical Clock Time 177) Internal event occurred.
2023-03-07 20:48:34,411 : (Logical Clock Time 178) Internal event occurred.
2023-03-07 20:48:34,616 : (Logical Clock Time 179) Internal event occurred.
2023-03-07 20:48:34,816 : (Logical Clock Time 180) Sent a message to machine 1.
2023-03-07 20:48:35,021 : (Logical Clock Time 181) Received a message with logical time 181. Current queue length is 0.
2023-03-07 20:48:35,226 : (Logical Clock Time 182) Internal event occurred.
2023-03-07 20:48:35,431 : (Logical Clock Time 183) Received a message with logical time 183. Current queue length is 0.
2023-03-07 20:48:35,635 : (Logical Clock Time 184) Sent a message to both other machines.
2023-03-07 20:48:35,839 : (Logical Clock Time 185) Sent a message to machine 0.
2023-03-07 20:48:36,043 : (Logical Clock Time 186) Sent a message to both other machines.
2023-03-07 20:48:36,246 : (Logical Clock Time 187) Sent a message to both other machines.
2023-03-07 20:48:36,449 : (Logical Clock Time 188) Internal event occurred.
2023-03-07 20:48:36,654 : (Logical Clock Time 189) Internal event occurred.
2023-03-07 20:48:36,859 : (Logical Clock Time 190) Received a message with logical time 190. Current queue length is 0.
2023-03-07 20:48:37,063 : (Logical Clock Time 191) Internal event occurred.
2023-03-07 20:48:37,267 : (Logical Clock Time 192) Received a message with logical time 192. Current queue length is 0.
2023-03-07 20:48:37,468 : (Logical Clock Time 193) Received a message with logical time 193. Current queue length is 0.
2023-03-07 20:48:37,672 : (Logical Clock Time 194) Internal event occurred.
2023-03-07 20:48:37,877 : (Logical Clock Time 195) Internal event occurred.
2023-03-07 20:48:38,080 : (Logical Clock Time 196) Sent a message to both other machines.
2023-03-07 20:48:38,285 : (Logical Clock Time 197) Internal event occurred.
2023-03-07 20:48:38,490 : (Logical Clock Time 198) Sent a message to machine 0.
2023-03-07 20:48:38,693 : (Logical Clock Time 199) Sent a message to machine 0.
2023-03-07 20:48:38,898 : (Logical Clock Time 200) Internal event occurred.
2023-03-07 20:48:39,103 : (Logical Clock Time 201) Sent a message to both other machines.
2023-03-07 20:48:39,308 : (Logical Clock Time 202) Internal event occurred.
2023-03-07 20:48:39,512 : (Logical Clock Time 203) Received a message with logical time 203. Current queue length is 0.
2023-03-07 20:48:39,718 : (Logical Clock Time 204) Sent a message to machine 1.
2023-03-07 20:48:39,918 : (Logical Clock Time 205) Sent a message to both other machines.
2023-03-07 20:48:40,123 : (Logical Clock Time 206) Internal event occurred.
2023-03-07 20:48:40,326 : (Logical Clock Time 207) Internal event occurred.
2023-03-07 20:48:40,531 : (Logical Clock Time 208) Received a message with logical time 208. Current queue length is 0.
2023-03-07 20:48:40,735 : (Logical Clock Time 209) Internal event occurred.
2023-03-07 20:48:40,939 : (Logical Clock Time 210) Received a message with logical time 210. Current queue length is 0.
2023-03-07 20:48:41,141 : (Logical Clock Time 211) Received a message with logical time 211. Current queue length is 0.
2023-03-07 20:48:41,346 : (Logical Clock Time 212) Internal event occurred.
2023-03-07 20:48:41,551 : (Logical Clock Time 213) Internal event occurred.
2023-03-07 20:48:41,752 : (Logical Clock Time 214) Sent a message to machine 1.
2023-03-07 20:48:41,957 : (Logical Clock Time 215) Sent a message to machine 1.
2023-03-07 20:48:42,159 : (Logical Clock Time 216) Internal event occurred.
2023-03-07 20:48:42,364 : (Logical Clock Time 217) Internal event occurred.
2023-03-07 20:48:42,566 : (Logical Clock Time 218) Internal event occurred.
2023-03-07 20:48:42,771 : (Logical Clock Time 219) Internal event occurred.
2023-03-07 20:48:42,976 : (Logical Clock Time 220) Internal event occurred.
2023-03-07 20:48:43,181 : (Logical Clock Time 221) Internal event occurred.
2023-03-07 20:48:43,386 : (Logical Clock Time 222) Internal event occurred.
2023-03-07 20:48:43,590 : (Logical Clock Time 223) Internal event occurred.
2023-03-07 20:48:43,793 : (Logical Clock Time 224) Sent a message to both other machines.
2023-03-07 20:48:43,993 : (Logical Clock Time 225) Internal event occurred.
2023-03-07 20:48:44,196 : (Logical Clock Time 226) Sent a message to both other machines.
2023-03-07 20:48:44,402 : (Logical Clock Time 227) Sent a message to machine 1.
2023-03-07 20:48:44,606 : (Logical Clock Time 228) Internal event occurred.
2023-03-07 20:48:44,814 : (Logical Clock Time 229) Received a message with logical time 228. Current queue length is 0.
2023-03-07 20:48:45,018 : (Logical Clock Time 230) Sent a message to machine 0.
2023-03-07 20:48:45,223 : (Logical Clock Time 231) Received a message with logical time 230. Current queue length is 0.
2023-03-07 20:48:45,428 : (Logical Clock Time 232) Internal event occurred.
2023-03-07 20:48:45,633 : (Logical Clock Time 233) Internal event occurred.
2023-03-07 20:48:45,840 : (Logical Clock Time 234) Internal event occurred.
2023-03-07 20:48:46,048 : (Logical Clock Time 235) Internal event occurred.
2023-03-07 20:48:46,254 : (Logical Clock Time 236) Sent a message to machine 0.
2023-03-07 20:48:46,456 : (Logical Clock Time 237) Internal event occurred.
2023-03-07 20:48:46,662 : (Logical Clock Time 238) Internal event occurred.
2023-03-07 20:48:46,865 : (Logical Clock Time 239) Sent a message to machine 0.
2023-03-07 20:48:47,070 : (Logical Clock Time 240) Internal event occurred.
2023-03-07 20:48:47,271 : (Logical Clock Time 241) Internal event occurred.
2023-03-07 20:48:47,474 : (Logical Clock Time 242) Sent a message to machine 1.
2023-03-07 20:48:47,677 : (Logical Clock Time 243) Internal event occurred.
2023-03-07 20:48:47,883 : (Logical Clock Time 244) Received a message with logical time 243. Current queue length is 0.
2023-03-07 20:48:48,088 : (Logical Clock Time 245) Internal event occurred.
2023-03-07 20:48:48,290 : (Logical Clock Time 246) Sent a message to machine 1.
2023-03-07 20:48:48,493 : (Logical Clock Time 247) Internal event occurred.
2023-03-07 20:48:48,696 : (Logical Clock Time 248) Internal event occurred.
2023-03-07 20:48:48,901 : (Logical Clock Time 249) Sent a message to machine 0.
2023-03-07 20:48:49,106 : (Logical Clock Time 250) Internal event occurred.
2023-03-07 20:48:49,312 : (Logical Clock Time 251) Sent a message to machine 1.
2023-03-07 20:48:49,515 : (Logical Clock Time 252) Internal event occurred.
2023-03-07 20:48:49,720 : (Logical Clock Time 253) Internal event occurred.
2023-03-07 20:48:49,925 : (Logical Clock Time 254) Internal event occurred.
2023-03-07 20:48:50,130 : (Logical Clock Time 255) Internal event occurred.
2023-03-07 20:48:50,335 : (Logical Clock Time 256) Internal event occurred.
2023-03-07 20:48:50,540 : (Logical Clock Time 257) Received a message with logical time 257. Current queue length is 0.
2023-03-07 20:48:50,745 : (Logical Clock Time 258) Internal event occurred.
2023-03-07 20:48:50,950 : (Logical Clock Time 259) Internal event occurred.
2023-03-07 20:48:51,153 : (Logical Clock Time 260) Internal event occurred.
2023-03-07 20:48:51,358 : (Logical Clock Time 261) Internal event occurred.
2023-03-07 20:48:51,560 : (Logical Clock Time 262) Received a message with logical time 262. Current queue length is 0.
2023-03-07 20:48:51,761 : (Logical Clock Time 263) Sent a message to machine 1.
2023-03-07 20:48:51,965 : (Logical Clock Time 264) Internal event occurred.
2023-03-07 20:48:52,170 : (Logical Clock Time 265) Received a message with logical time 265. Current queue length is 0.
2023-03-07 20:48:52,375 : (Logical Clock Time 266) Internal event occurred.
2023-03-07 20:48:52,577 : (Logical Clock Time 267) Sent a message to both other machines.
2023-03-07 20:48:52,782 : (Logical Clock Time 268) Internal event occurred.
2023-03-07 20:48:52,985 : (Logical Clock Time 269) Internal event occurred.
2023-03-07 20:48:53,188 : (Logical Clock Time 270) Internal event occurred.
2023-03-07 20:48:53,393 : (Logical Clock Time 271) Internal event occurred.
2023-03-07 20:48:53,598 : (Logical Clock Time 272) Internal event occurred.
2023-03-07 20:48:53,804 : (Logical Clock Time 273) Internal event occurred.
2023-03-07 20:48:54,009 : (Logical Clock Time 274) Internal event occurred.
2023-03-07 20:48:54,214 : (Logical Clock Time 275) Received a message with logical time 275. Current queue length is 0.
2023-03-07 20:48:54,416 : (Logical Clock Time 276) Internal event occurred.
2023-03-07 20:48:54,621 : (Logical Clock Time 277) Received a message with logical time 277. Current queue length is 0.
2023-03-07 20:48:54,826 : (Logical Clock Time 278) Sent a message to both other machines.
2023-03-07 20:48:55,030 : (Logical Clock Time 279) Sent a message to machine 0.
2023-03-07 20:48:55,234 : (Logical Clock Time 280) Internal event occurred.
2023-03-07 20:48:55,438 : (Logical Clock Time 281) Sent a message to machine 1.
2023-03-07 20:48:55,643 : (Logical Clock Time 282) Internal event occurred.
2023-03-07 20:48:55,848 : (Logical Clock Time 283) Internal event occurred.
2023-03-07 20:48:56,053 : (Logical Clock Time 284) Internal event occurred.
2023-03-07 20:48:56,256 : (Logical Clock Time 285) Received a message with logical time 285. Current queue length is 0.
2023-03-07 20:48:56,460 : (Logical Clock Time 286) Internal event occurred.
2023-03-07 20:48:56,665 : (Logical Clock Time 287) Internal event occurred.
2023-03-07 20:48:56,866 : (Logical Clock Time 288) Received a message with logical time 288. Current queue length is 0.
2023-03-07 20:48:57,066 : (Logical Clock Time 289) Internal event occurred.
2023-03-07 20:48:57,272 : (Logical Clock Time 290) Received a message with logical time 289. Current queue length is 0.
2023-03-07 20:48:57,473 : (Logical Clock Time 291) Received a message with logical time 290. Current queue length is 0.
2023-03-07 20:48:57,677 : (Logical Clock Time 292) Received a message with logical time 291. Current queue length is 0.
2023-03-07 20:48:57,881 : (Logical Clock Time 293) Internal event occurred.
2023-03-07 20:48:58,086 : (Logical Clock Time 294) Received a message with logical time 293. Current queue length is 0.
2023-03-07 20:48:58,291 : (Logical Clock Time 295) Internal event occurred.
2023-03-07 20:48:58,496 : (Logical Clock Time 296) Sent a message to machine 1.
2023-03-07 20:48:58,697 : (Logical Clock Time 297) Internal event occurred.
2023-03-07 20:48:58,900 : (Logical Clock Time 298) Internal event occurred.
2023-03-07 20:48:59,105 : (Logical Clock Time 299) Internal event occurred.
2023-03-07 20:48:59,310 : (Logical Clock Time 300) Internal event occurred.
2023-03-07 20:48:59,515 : (Logical Clock Time 301) Internal event occurred.
2023-03-07 20:48:59,717 : (Logical Clock Time 302) Sent a message to machine 1.
2023-03-07 20:48:59,922 : (Logical Clock Time 303) Received a message with logical time 303. Current queue length is 0.
2023-03-07 20:49:00,127 : (Logical Clock Time 304) Sent a message to machine 1.
2023-03-07 20:49:00,330 : (Logical Clock Time 305) Received a message with logical time 305. Current queue length is 0.
2023-03-07 20:49:00,538 : (Logical Clock Time 306) Sent a message to machine 1.
2023-03-07 20:49:00,742 : (Logical Clock Time 307) Internal event occurred.
2023-03-07 20:49:00,947 : (Logical Clock Time 308) Internal event occurred.
2023-03-07 20:49:01,155 : (Logical Clock Time 309) Internal event occurred.
2023-03-07 20:49:01,358 : (Logical Clock Time 310) Internal event occurred.
2023-03-07 20:49:01,559 : (Logical Clock Time 311) Internal event occurred.
2023-03-07 20:49:01,764 : (Logical Clock Time 312) Sent a message to both other machines.
2023-03-07 20:49:01,969 : (Logical Clock Time 313) Internal event occurred.
2023-03-07 20:49:02,174 : (Logical Clock Time 314) Internal event occurred.
2023-03-07 20:49:02,379 : (Logical Clock Time 315) Sent a message to machine 0.
2023-03-07 20:49:02,583 : (Logical Clock Time 316) Sent a message to both other machines.
2023-03-07 20:49:02,785 : (Logical Clock Time 317) Internal event occurred.
2023-03-07 20:49:02,990 : (Logical Clock Time 318) Sent a message to machine 0.
2023-03-07 20:49:03,191 : (Logical Clock Time 319) Internal event occurred.
2023-03-07 20:49:03,393 : (Logical Clock Time 320) Sent a message to machine 1.
2023-03-07 20:49:03,598 : (Logical Clock Time 321) Internal event occurred.
2023-03-07 20:49:03,802 : (Logical Clock Time 322) Internal event occurred.
2023-03-07 20:49:04,002 : (Logical Clock Time 323) Received a message with logical time 322. Current queue length is 0.
2023-03-07 20:49:04,207 : (Logical Clock Time 324) Received a message with logical time 323. Current queue length is 0.
2023-03-07 20:49:04,413 : (Logical Clock Time 325) Received a message with logical time 324. Current queue length is 1.
2023-03-07 20:49:04,617 : (Logical Clock Time 326) Received a message with logical time 325. Current queue length is 0.
2023-03-07 20:49:04,822 : (Logical Clock Time 327) Internal event occurred.
2023-03-07 20:49:05,027 : (Logical Clock Time 328) Internal event occurred.
2023-03-07 20:49:05,228 : (Logical Clock Time 329) Internal event occurred.
2023-03-07 20:49:05,432 : (Logical Clock Time 330) Internal event occurred.
2023-03-07 20:49:05,636 : (Logical Clock Time 331) Sent a message to machine 0.
2023-03-07 20:49:05,841 : (Logical Clock Time 332) Sent a message to machine 1.
2023-03-07 20:49:06,046 : (Logical Clock Time 333) Received a message with logical time 333. Current queue length is 0.
2023-03-07 20:49:06,250 : (Logical Clock Time 334) Received a message with logical time 334. Current queue length is 0.
2023-03-07 20:49:06,456 : (Logical Clock Time 335) Internal event occurred.
2023-03-07 20:49:06,661 : (Logical Clock Time 336) Received a message with logical time 335. Current queue length is 0.
2023-03-07 20:49:06,866 : (Logical Clock Time 337) Internal event occurred.
2023-03-07 20:49:07,067 : (Logical Clock Time 338) Internal event occurred.
2023-03-07 20:49:07,272 : (Logical Clock Time 339) Internal event occurred.
2023-03-07 20:49:07,475 : (Logical Clock Time 340) Sent a message to machine 1.
2023-03-07 20:49:07,677 : (Logical Clock Time 341) Internal event occurred.
2023-03-07 20:49:07,882 : (Logical Clock Time 342) Internal event occurred.
2023-03-07 20:49:08,087 : (Logical Clock Time 343) Received a message with logical time 343. Current queue length is 0.
2023-03-07 20:49:08,288 : (Logical Clock Time 344) Internal event occurred.
2023-03-07 20:49:08,491 : (Logical Clock Time 345) Sent a message to both other machines.
2023-03-07 20:49:08,692 : (Logical Clock Time 346) Internal event occurred.
2023-03-07 20:49:08,897 : (Logical Clock Time 347) Internal event occurred.
2023-03-07 20:49:09,102 : (Logical Clock Time 348) Internal event occurred.
2023-03-07 20:49:09,307 : (Logical Clock Time 349) Sent a message to both other machines.
2023-03-07 20:49:09,507 : (Logical Clock Time 350) Sent a message to machine 1.
2023-03-07 20:49:09,713 : (Logical Clock Time 351) Internal event occurred.
2023-03-07 20:49:09,916 : (Logical Clock Time 352) Internal event occurred.
2023-03-07 20:49:10,116 : (Logical Clock Time 353) Received a message with logical time 352. Current queue length is 0.
2023-03-07 20:49:10,321 : (Logical Clock Time 354) Internal event occurred.
2023-03-07 20:49:10,526 : (Logical Clock Time 355) Internal event occurred.
2023-03-07 20:49:10,730 : (Logical Clock Time 356) Sent a message to machine 1.
2023-03-07 20:49:10,935 : (Logical Clock Time 357) Internal event occurred.
2023-03-07 20:49:11,140 : (Logical Clock Time 358) Sent a message to machine 1.
2023-03-07 20:49:11,346 : (Logical Clock Time 359) Received a message with logical time 359. Current queue length is 0.
2023-03-07 20:49:11,547 : (Logical Clock Time 360) Internal event occurred.
2023-03-07 20:49:11,753 : (Logical Clock Time 361) Sent a message to machine 1.
2023-03-07 20:49:11,958 : (Logical Clock Time 362) Received a message with logical time 362. Current queue length is 0.
2023-03-07 20:49:12,160 : (Logical Clock Time 363) Internal event occurred.
2023-03-07 20:49:12,365 : (Logical Clock Time 364) Internal event occurred.
2023-03-07 20:49:12,570 : (Logical Clock Time 365) Received a message with logical time 364. Current queue length is 0.
2023-03-07 20:49:12,776 : (Logical Clock Time 366) Received a message with logical time 365. Current queue length is 0.
2023-03-07 20:49:12,977 : (Logical Clock Time 367) Internal event occurred.
2023-03-07 20:49:13,180 : (Logical Clock Time 368) Internal event occurred.
2023-03-07 20:49:13,386 : (Logical Clock Time 369) Internal event occurred.
2023-03-07 20:49:13,591 : (Logical Clock Time 370) Received a message with logical time 370. Current queue length is 0.
2023-03-07 20:49:13,796 : (Logical Clock Time 371) Internal event occurred.
2023-03-07 20:49:14,001 : (Logical Clock Time 372) Internal event occurred.
2023-03-07 20:49:14,206 : (Logical Clock Time 373) Internal event occurred.
2023-03-07 20:49:14,410 : (Logical Clock Time 374) Internal event occurred.
2023-03-07 20:49:14,611 : (Logical Clock Time 375) Internal event occurred.
2023-03-07 20:49:14,812 : (Logical Clock Time 376) Internal event occurred.
2023-03-07 20:49:15,016 : (Logical Clock Time 377) Sent a message to machine 0.
2023-03-07 20:49:15,220 : (Logical Clock Time 378) Internal event occurred.
2023-03-07 20:49:15,424 : (Logical Clock Time 379) Sent a message to machine 0.
2023-03-07 20:49:15,629 : (Logical Clock Time 380) Received a message with logical time 379. Current queue length is 0.
2023-03-07 20:49:15,834 : (Logical Clock Time 381) Received a message with logical time 381. Current queue length is 0.
2023-03-07 20:49:16,036 : (Logical Clock Time 382) Received a message with logical time 382. Current queue length is 0.
2023-03-07 20:49:16,240 : (Logical Clock Time 383) Internal event occurred.
2023-03-07 20:49:16,445 : (Logical Clock Time 384) Sent a message to both other machines.
2023-03-07 20:49:16,646 : (Logical Clock Time 385) Internal event occurred.
2023-03-07 20:49:16,852 : (Logical Clock Time 386) Received a message with logical time 386. Current queue length is 0.
2023-03-07 20:49:17,057 : (Logical Clock Time 387) Sent a message to machine 1.
2023-03-07 20:49:17,262 : (Logical Clock Time 388) Sent a message to machine 1.
2023-03-07 20:49:17,465 : (Logical Clock Time 389) Internal event occurred.
2023-03-07 20:49:17,670 : (Logical Clock Time 390) Received a message with logical time 389. Current queue length is 0.
2023-03-07 20:49:17,872 : (Logical Clock Time 391) Internal event occurred.
2023-03-07 20:49:18,082 : (Logical Clock Time 392) Internal event occurred.
2023-03-07 20:49:18,287 : (Logical Clock Time 393) Received a message with logical time 392. Current queue length is 0.
2023-03-07 20:49:18,492 : (Logical Clock Time 394) Internal event occurred.
2023-03-07 20:49:18,697 : (Logical Clock Time 395) Internal event occurred.
2023-03-07 20:49:18,902 : (Logical Clock Time 396) Internal event occurred.
2023-03-07 20:49:19,107 : (Logical Clock Time 397) Internal event occurred.
2023-03-07 20:49:19,307 : (Logical Clock Time 398) Sent a message to machine 1.
2023-03-07 20:49:19,511 : (Logical Clock Time 399) Internal event occurred.
2023-03-07 20:49:19,716 : (Logical Clock Time 400) Received a message with logical time 400. Current queue length is 0.
2023-03-07 20:49:19,918 : (Logical Clock Time 401) Internal event occurred.
2023-03-07 20:49:20,120 : (Logical Clock Time 402) Internal event occurred.
2023-03-07 20:49:20,325 : (Logical Clock Time 403) Internal event occurred.
2023-03-07 20:49:20,528 : (Logical Clock Time 404) Internal event occurred.
2023-03-07 20:49:20,730 : (Logical Clock Time 405) Internal event occurred.
2023-03-07 20:49:20,931 : (Logical Clock Time 406) Internal event occurred.
2023-03-07 20:49:21,139 : (Logical Clock Time 407) Internal event occurred.
2023-03-07 20:49:21,348 : (Logical Clock Time 408) Internal event occurred.
2023-03-07 20:49:21,549 : (Logical Clock Time 409) Internal event occurred.
2023-03-07 20:49:21,755 : (Logical Clock Time 410) Received a message with logical time 409. Current queue length is 0.
2023-03-07 20:49:21,961 : (Logical Clock Time 411) Internal event occurred.
2023-03-07 20:49:22,165 : (Logical Clock Time 412) Internal event occurred.
2023-03-07 20:49:22,368 : (Logical Clock Time 413) Received a message with logical time 413. Current queue length is 0.
2023-03-07 20:49:22,569 : (Logical Clock Time 414) Internal event occurred.
2023-03-07 20:49:22,772 : (Logical Clock Time 415) Internal event occurred.
2023-03-07 20:49:22,977 : (Logical Clock Time 416) Received a message with logical time 416. Current queue length is 0.
2023-03-07 20:49:23,182 : (Logical Clock Time 417) Internal event occurred.
2023-03-07 20:49:23,387 : (Logical Clock Time 418) Internal event occurred.
2023-03-07 20:49:23,589 : (Logical Clock Time 419) Sent a message to machine 0.
2023-03-07 20:49:23,795 : (Logical Clock Time 420) Internal event occurred.
2023-03-07 20:49:23,998 : (Logical Clock Time 421) Sent a message to both other machines.
2023-03-07 20:49:24,205 : (Logical Clock Time 422) Sent a message to both other machines.
2023-03-07 20:49:24,412 : (Logical Clock Time 423) Internal event occurred.
2023-03-07 20:49:24,617 : (Logical Clock Time 424) Internal event occurred.
2023-03-07 20:49:24,822 : (Logical Clock Time 425) Internal event occurred.
2023-03-07 20:49:25,027 : (Logical Clock Time 426) Internal event occurred.
2023-03-07 20:49:25,233 : (Logical Clock Time 427) Internal event occurred.
2023-03-07 20:49:25,438 : (Logical Clock Time 428) Sent a message to machine 0.
2023-03-07 20:49:25,641 : (Logical Clock Time 429) Internal event occurred.
2023-03-07 20:49:25,846 : (Logical Clock Time 430) Internal event occurred.
2023-03-07 20:49:26,051 : (Logical Clock Time 431) Internal event occurred.
2023-03-07 20:49:26,255 : (Logical Clock Time 432) Sent a message to machine 0.
2023-03-07 20:49:26,460 : (Logical Clock Time 433) Internal event occurred.
2023-03-07 20:49:26,665 : (Logical Clock Time 434) Internal event occurred.
2023-03-07 20:49:26,871 : (Logical Clock Time 435) Sent a message to both other machines.
2023-03-07 20:49:27,077 : (Logical Clock Time 436) Internal event occurred.
2023-03-07 20:49:27,281 : (Logical Clock Time 437) Sent a message to machine 1.
2023-03-07 20:49:27,486 : (Logical Clock Time 438) Sent a message to machine 1.
2023-03-07 20:49:27,689 : (Logical Clock Time 439) Internal event occurred.
2023-03-07 20:49:27,894 : (Logical Clock Time 440) Internal event occurred.
2023-03-07 20:49:28,099 : (Logical Clock Time 441) Internal event occurred.
2023-03-07 20:49:28,304 : (Logical Clock Time 442) Internal event occurred.
2023-03-07 20:49:28,509 : (Logical Clock Time 443) Received a message with logical time 443. Current queue length is 0.
2023-03-07 20:49:28,713 : (Logical Clock Time 444) Sent a message to machine 0.
2023-03-07 20:49:28,918 : (Logical Clock Time 445) Internal event occurred.
2023-03-07 20:49:29,118 : (Logical Clock Time 446) Received a message with logical time 446. Current queue length is 0.
2023-03-07 20:49:29,319 : (Logical Clock Time 447) Internal event occurred.
2023-03-07 20:49:29,524 : (Logical Clock Time 448) Sent a message to machine 1.
2023-03-07 20:49:29,729 : (Logical Clock Time 449) Received a message with logical time 449. Current queue length is 0.
2023-03-07 20:49:29,934 : (Logical Clock Time 450) Sent a message to machine 0.
2023-03-07 20:49:30,137 : (Logical Clock Time 451) Internal event occurred.
2023-03-07 20:49:30,341 : (Logical Clock Time 452) Sent a message to both other machines.
2023-03-07 20:49:30,546 : (Logical Clock Time 453) Internal event occurred.
2023-03-07 20:49:30,751 : (Logical Clock Time 454) Internal event occurred.
2023-03-07 20:49:30,955 : (Logical Clock Time 455) Sent a message to machine 0.
2023-03-07 20:49:31,159 : (Logical Clock Time 456) Internal event occurred.
2023-03-07 20:49:31,363 : (Logical Clock Time 457) Internal event occurred.
2023-03-07 20:49:31,564 : (Logical Clock Time 458) Internal event occurred.
2023-03-07 20:49:31,767 : (Logical Clock Time 459) Internal event occurred.
2023-03-07 20:49:31,972 : (Logical Clock Time 460) Internal event occurred.
2023-03-07 20:49:32,177 : (Logical Clock Time 461) Internal event occurred.
2023-03-07 20:49:32,382 : (Logical Clock Time 462) Internal event occurred.
2023-03-07 20:49:32,588 : (Logical Clock Time 463) Internal event occurred.
2023-03-07 20:49:32,792 : (Logical Clock Time 464) Internal event occurred.
2023-03-07 20:49:32,994 : (Logical Clock Time 465) Sent a message to machine 1.
2023-03-07 20:49:33,196 : (Logical Clock Time 466) Internal event occurred.
2023-03-07 20:49:33,401 : (Logical Clock Time 467) Sent a message to machine 0.
2023-03-07 20:49:33,604 : (Logical Clock Time 468) Internal event occurred.
2023-03-07 20:49:33,806 : (Logical Clock Time 469) Internal event occurred.
2023-03-07 20:49:34,009 : (Logical Clock Time 470) Sent a message to both other machines.
2023-03-07 20:49:34,214 : (Logical Clock Time 471) Internal event occurred.
2023-03-07 20:49:34,416 : (Logical Clock Time 472) Received a message with logical time 471. Current queue length is 0.
2023-03-07 20:49:34,619 : (Logical Clock Time 473) Sent a message to machine 0.
2023-03-07 20:49:34,822 : (Logical Clock Time 474) Internal event occurred.
2023-03-07 20:49:35,029 : (Logical Clock Time 475) Sent a message to machine 1.
2023-03-07 20:49:35,233 : (Logical Clock Time 476) Internal event occurred.
2023-03-07 20:49:35,435 : (Logical Clock Time 477) Internal event occurred.
2023-03-07 20:49:35,636 : (Logical Clock Time 478) Internal event occurred.
2023-03-07 20:49:35,839 : (Logical Clock Time 479) Received a message with logical time 478. Current queue length is 0.
2023-03-07 20:49:36,045 : (Logical Clock Time 480) Internal event occurred.
2023-03-07 20:49:36,248 : (Logical Clock Time 481) Received a message with logical time 480. Current queue length is 0.
2023-03-07 20:49:36,454 : (Logical Clock Time 482) Internal event occurred.
2023-03-07 20:49:36,655 : (Logical Clock Time 483) Internal event occurred.
2023-03-07 20:49:36,860 : (Logical Clock Time 484) Received a message with logical time 483. Current queue length is 0.
2023-03-07 20:49:37,062 : (Logical Clock Time 485) Internal event occurred.
2023-03-07 20:49:37,267 : (Logical Clock Time 486) Internal event occurred.
2023-03-07 20:49:37,472 : (Logical Clock Time 487) Received a message with logical time 486. Current queue length is 0.
2023-03-07 20:49:37,676 : (Logical Clock Time 488) Internal event occurred.
2023-03-07 20:49:37,881 : (Logical Clock Time 489) Sent a message to both other machines.
2023-03-07 20:49:38,085 : (Logical Clock Time 490) Sent a message to machine 0.
2023-03-07 20:49:38,289 : (Logical Clock Time 491) Internal event occurred.
2023-03-07 20:49:38,494 : (Logical Clock Time 492) Internal event occurred.
2023-03-07 20:49:38,694 : (Logical Clock Time 493) Sent a message to machine 1.
2023-03-07 20:49:38,898 : (Logical Clock Time 494) Internal event occurred.
2023-03-07 20:49:39,103 : (Logical Clock Time 495) Internal event occurred.
2023-03-07 20:49:39,308 : (Logical Clock Time 496) Internal event occurred.
2023-03-07 20:49:39,513 : (Logical Clock Time 497) Internal event occurred.
2023-03-07 20:49:39,718 : (Logical Clock Time 498) Internal event occurred.
2023-03-07 20:49:39,922 : (Logical Clock Time 499) Internal event occurred.
2023-03-07 20:49:40,126 : (Logical Clock Time 500) Sent a message to machine 1.
